#
# There is insufficient memory for the Java Runtime Environment to continue.
# Native memory allocation (malloc) failed to allocate 132176 bytes for Chunk::new
# Possible reasons:
#   The system is out of physical RAM or swap space
#   The process is running with CompressedOops enabled, and the Java Heap may be blocking the growth of the native heap
# Possible solutions:
#   Reduce memory load on the system
#   Increase physical memory or swap space
#   Check if swap backing store is full
#   Decrease Java heap size (-Xmx/-Xms)
#   Decrease number of Java threads
#   Decrease Java thread stack sizes (-Xss)
#   Set larger code cache with -XX:ReservedCodeCacheSize=
#   JVM is running with Zero Based Compressed Oops mode in which the Java heap is
#     placed in the first 32GB address space. The Java Heap base address is the
#     maximum limit for the native heap growth. Please use -XX:HeapBaseMinAddress
#     to set the Java Heap base and to place the Java Heap above 32GB virtual address.
# This output file may be truncated or incomplete.
#
#  Out of Memory Error (t:/workspace/hotspot/src/share/vm/memory/allocation.cpp:372), pid=7052, tid=19632
#
# JRE version: Java(TM) SE Runtime Environment (9.0+11) (build 9.0.1+11)
# Java VM: Java HotSpot(TM) 64-Bit Server VM (9.0.1+11, mixed mode, tiered, compressed oops, g1 gc, windows-amd64)
# No core dump will be written. Minidumps are not enabled by default on client versions of Windows
#

---------------  S U M M A R Y ------------

Command Line: -javaagent:C:\Users\WYC\.IntelliJIdea2019.2\system\testAgent\intellij-coverage-agent-1.0.508.jar=C:\Users\WYC\AppData\Local\Temp\coverageargs -javaagent:D:\Program Files\JetBrains\IntelliJ IDEA 2019.2\lib\idea_rt.jar=45574:D:\Program Files\JetBrains\IntelliJ IDEA 2019.2\bin -Dfile.encoding=UTF-8 Threader.ReviewEncourage

Host: AMD Ryzen 5 3500U with Radeon Vega Mobile Gfx  , 8 cores, 9G,  Windows 10 , 64 bit Build 18362 (10.0.18362.329)
Time: Wed Sep 11 17:07:24 2019 ?D1¨²¡À¨º¡Á?¨º¡À?? elapsed time: 0 seconds (0d 0h 0m 0s)

---------------  T H R E A D  ---------------

Current thread (0x000001bf591d3800):  JavaThread "C2 CompilerThread2" daemon [_thread_in_native, id=19632, stack(0x00000018ab000000,0x00000018ab100000)]


Current CompileTask:
C2:    997  419       4       java.util.HashMap::put (13 bytes)

Stack: [0x00000018ab000000,0x00000018ab100000]
Native frames: (J=compiled Java code, j=interpreted, Vv=VM code, C=native code)
V  [jvm.dll+0x5870b8]

[error occurred during error reporting (printing native stack), id 0xe0000001]


---------------  P R O C E S S  ---------------

Java Threads: ( => current thread )
  0x000001bf5963f800 JavaThread "Service Thread" daemon [_thread_blocked, id=8972, stack(0x00000018ab500000,0x00000018ab600000)]
  0x000001bf5963f000 JavaThread "Monitor Ctrl-Break" daemon [_thread_in_native, id=3304, stack(0x00000018ab400000,0x00000018ab500000)]
  0x000001bf5920d800 JavaThread "Common-Cleaner" daemon [_thread_blocked, id=21116, stack(0x00000018ab300000,0x00000018ab400000)]
  0x000001bf591e9000 JavaThread "Sweeper thread" daemon [_thread_blocked, id=13996, stack(0x00000018ab200000,0x00000018ab300000)]
  0x000001bf591da000 JavaThread "C1 CompilerThread3" daemon [_thread_blocked, id=20888, stack(0x00000018ab100000,0x00000018ab200000)]
=>0x000001bf591d3800 JavaThread "C2 CompilerThread2" daemon [_thread_in_native, id=19632, stack(0x00000018ab000000,0x00000018ab100000)]
  0x000001bf591c8800 JavaThread "C2 CompilerThread1" daemon [_thread_in_native, id=5924, stack(0x00000018aaf00000,0x00000018ab000000)]
  0x000001bf591c5800 JavaThread "C2 CompilerThread0" daemon [_thread_in_native, id=14912, stack(0x00000018aae00000,0x00000018aaf00000)]
  0x000001bf591c4800 JavaThread "Attach Listener" daemon [_thread_blocked, id=12048, stack(0x00000018aad00000,0x00000018aae00000)]
  0x000001bf591c3800 JavaThread "Signal Dispatcher" daemon [_thread_blocked, id=20976, stack(0x00000018aac00000,0x00000018aad00000)]
  0x000001bf59159800 JavaThread "Finalizer" daemon [_thread_blocked, id=1996, stack(0x00000018aab00000,0x00000018aac00000)]
  0x000001bf59150000 JavaThread "Reference Handler" daemon [_thread_blocked, id=10932, stack(0x00000018aaa00000,0x00000018aab00000)]
  0x000001bf33c78000 JavaThread "main" [_thread_in_native, id=20372, stack(0x00000018a9400000,0x00000018a9500000)]

Other Threads:
  0x000001bf5914d000 VMThread "VM Thread" [stack: 0x00000018aa900000,0x00000018aaa00000] [id=19288]
  0x000001bf5964b000 WatcherThread [stack: 0x00000018ab600000,0x00000018ab700000] [id=11348]
  0x000001bf33ca0000 GCTaskThread "GC Thread#0" [stack: 0x00000018a9500000,0x00000018a9600000] [id=14992]
  0x000001bf33ca1000 GCTaskThread "GC Thread#1" [stack: 0x00000018a9600000,0x00000018a9700000] [id=17292]
  0x000001bf33ca3800 GCTaskThread "GC Thread#2" [stack: 0x00000018a9700000,0x00000018a9800000] [id=7480]
  0x000001bf33c88800 GCTaskThread "GC Thread#3" [stack: 0x00000018a9800000,0x00000018a9900000] [id=1660]
  0x000001bf33c8a800 GCTaskThread "GC Thread#4" [stack: 0x00000018a9900000,0x00000018a9a00000] [id=18724]
  0x000001bf33c8e800 GCTaskThread "GC Thread#5" [stack: 0x00000018a9a00000,0x00000018a9b00000] [id=6668]
  0x000001bf33c93800 GCTaskThread "GC Thread#6" [stack: 0x00000018a9b00000,0x00000018a9c00000] [id=15140]
  0x000001bf33c94800 GCTaskThread "GC Thread#7" [stack: 0x00000018a9c00000,0x00000018a9d00000] [id=20264]
  0x000001bf33d00800 ConcurrentGCThread "G1 Main Marker" [stack: 0x00000018aa600000,0x00000018aa700000] [id=15220]
  0x000001bf33d01000 ConcurrentGCThread "G1 Marker#0" [stack: 0x00000018aa700000,0x00000018aa800000] [id=20400]
  0x000001bf33d02000 ConcurrentGCThread "G1 Marker#1" [stack: 0x00000018aa800000,0x00000018aa900000] [id=5804]
  0x000001bf33cc4800 ConcurrentGCThread "G1 Refine#0" [stack: 0x00000018aa400000,0x00000018aa500000] [id=9384]
  0x000001bf33cc1000 ConcurrentGCThread "G1 Refine#1" [stack: 0x00000018aa300000,0x00000018aa400000] [id=16924]
  0x000001bf33cc0000 ConcurrentGCThread "G1 Refine#2" [stack: 0x00000018aa200000,0x00000018aa300000] [id=20964]
  0x000001bf33cbe000 ConcurrentGCThread "G1 Refine#3" [stack: 0x00000018aa100000,0x00000018aa200000] [id=16324]
  0x000001bf33cc0800 ConcurrentGCThread "G1 Refine#4" [stack: 0x00000018aa000000,0x00000018aa100000] [id=7256]
  0x000001bf33cbb000 ConcurrentGCThread "G1 Refine#5" [stack: 0x00000018a9f00000,0x00000018aa000000] [id=5668]
  0x000001bf33cb1000 ConcurrentGCThread "G1 Refine#6" [stack: 0x00000018a9e00000,0x00000018a9f00000] [id=19356]
  0x000001bf33cb0800 ConcurrentGCThread "G1 Refine#7" [stack: 0x00000018a9d00000,0x00000018a9e00000] [id=10996]
  0x000001bf33cd4800 ConcurrentGCThread "G1 Young RemSet Sampling" [stack: 0x00000018aa500000,0x00000018aa600000] [id=17456]

Threads with active compile tasks:
C2 CompilerThread2 419       4       java.util.HashMap::put (13 bytes)
C2 CompilerThread1 407       4       java.util.HashMap::putVal (300 bytes)
C2 CompilerThread0 423       4       java.lang.AbstractStringBuilder::append (77 bytes)

VM state:not at safepoint (normal execution)

VM Mutex/Monitor currently owned by a thread: None

Heap address: 0x0000000721000000, size: 2544 MB, Compressed Oops mode: Zero based, Oop shift amount: 3
Narrow klass base: 0x0000000000000000, Narrow klass shift: 3
Compressed class space size: 1073741824 Address: 0x00000007c0000000

Heap:
 garbage-first heap   total 163840K, used 9216K [0x0000000721000000, 0x0000000721100500, 0x00000007c0000000)
  region size 1024K, 10 young (10240K), 0 survivors (0K)
 Metaspace       used 8180K, capacity 8370K, committed 8448K, reserved 1056768K
  class space    used 708K, capacity 751K, committed 768K, reserved 1048576K
Heap Regions: E=young(eden), S=young(survivor), O=old, HS=humongous(starts), HC=humongous(continues), CS=collection set, F=free, A=archive, TS=gc time stamp, AC=allocation context, TAMS=top-at-mark-start (previous, next)
|   0|0x0000000721000000, 0x0000000721000000, 0x0000000721100000|  0%| F|  |TS  0|AC  0|TAMS 0x0000000721000000, 0x0000000721000000|
|   1|0x0000000721100000, 0x0000000721100000, 0x0000000721200000|  0%| F|  |TS  0|AC  0|TAMS 0x0000000721100000, 0x0000000721100000|
|   2|0x0000000721200000, 0x0000000721200000, 0x0000000721300000|  0%| F|  |TS  0|AC  0|TAMS 0x0000000721200000, 0x0000000721200000|
|   3|0x0000000721300000, 0x0000000721300000, 0x0000000721400000|  0%| F|  |TS  0|AC  0|TAMS 0x0000000721300000, 0x0000000721300000|
|   4|0x0000000721400000, 0x0000000721400000, 0x0000000721500000|  0%| F|  |TS  0|AC  0|TAMS 0x0000000721400000, 0x0000000721400000|
|   5|0x0000000721500000, 0x0000000721500000, 0x0000000721600000|  0%| F|  |TS  0|AC  0|TAMS 0x0000000721500000, 0x0000000721500000|
|   6|0x0000000721600000, 0x0000000721600000, 0x0000000721700000|  0%| F|  |TS  0|AC  0|TAMS 0x0000000721600000, 0x0000000721600000|
|   7|0x0000000721700000, 0x0000000721700000, 0x0000000721800000|  0%| F|  |TS  0|AC  0|TAMS 0x0000000721700000, 0x0000000721700000|
|   8|0x0000000721800000, 0x0000000721800000, 0x0000000721900000|  0%| F|  |TS  0|AC  0|TAMS 0x0000000721800000, 0x0000000721800000|
|   9|0x0000000721900000, 0x0000000721900000, 0x0000000721a00000|  0%| F|  |TS  0|AC  0|TAMS 0x0000000721900000, 0x0000000721900000|
|  10|0x0000000721a00000, 0x0000000721a00000, 0x0000000721b00000|  0%| F|  |TS  0|AC  0|TAMS 0x0000000721a00000, 0x0000000721a00000|
|  11|0x0000000721b00000, 0x0000000721b00000, 0x0000000721c00000|  0%| F|  |TS  0|AC  0|TAMS 0x0000000721b00000, 0x0000000721b00000|
|  12|0x0000000721c00000, 0x0000000721c00000, 0x0000000721d00000|  0%| F|  |TS  0|AC  0|TAMS 0x0000000721c00000, 0x0000000721c00000|
|  13|0x0000000721d00000, 0x0000000721d00000, 0x0000000721e00000|  0%| F|  |TS  0|AC  0|TAMS 0x0000000721d00000, 0x0000000721d00000|
|  14|0x0000000721e00000, 0x0000000721e00000, 0x0000000721f00000|  0%| F|  |TS  0|AC  0|TAMS 0x0000000721e00000, 0x0000000721e00000|
|  15|0x0000000721f00000, 0x0000000721f00000, 0x0000000722000000|  0%| F|  |TS  0|AC  0|TAMS 0x0000000721f00000, 0x0000000721f00000|
|  16|0x0000000722000000, 0x0000000722000000, 0x0000000722100000|  0%| F|  |TS  0|AC  0|TAMS 0x0000000722000000, 0x0000000722000000|
|  17|0x0000000722100000, 0x0000000722100000, 0x0000000722200000|  0%| F|  |TS  0|AC  0|TAMS 0x0000000722100000, 0x0000000722100000|
|  18|0x0000000722200000, 0x0000000722200000, 0x0000000722300000|  0%| F|  |TS  0|AC  0|TAMS 0x0000000722200000, 0x0000000722200000|
|  19|0x0000000722300000, 0x0000000722300000, 0x0000000722400000|  0%| F|  |TS  0|AC  0|TAMS 0x0000000722300000, 0x0000000722300000|
|  20|0x0000000722400000, 0x0000000722400000, 0x0000000722500000|  0%| F|  |TS  0|AC  0|TAMS 0x0000000722400000, 0x0000000722400000|
|  21|0x0000000722500000, 0x0000000722500000, 0x0000000722600000|  0%| F|  |TS  0|AC  0|TAMS 0x0000000722500000, 0x0000000722500000|
|  22|0x0000000722600000, 0x0000000722600000, 0x0000000722700000|  0%| F|  |TS  0|AC  0|TAMS 0x0000000722600000, 0x0000000722600000|
|  23|0x0000000722700000, 0x0000000722700000, 0x0000000722800000|  0%| F|  |TS  0|AC  0|TAMS 0x0000000722700000, 0x0000000722700000|
|  24|0x0000000722800000, 0x0000000722800000, 0x0000000722900000|  0%| F|  |TS  0|AC  0|TAMS 0x0000000722800000, 0x0000000722800000|
|  25|0x0000000722900000, 0x0000000722900000, 0x0000000722a00000|  0%| F|  |TS  0|AC  0|TAMS 0x0000000722900000, 0x0000000722900000|
|  26|0x0000000722a00000, 0x0000000722a00000, 0x0000000722b00000|  0%| F|  |TS  0|AC  0|TAMS 0x0000000722a00000, 0x0000000722a00000|
|  27|0x0000000722b00000, 0x0000000722b00000, 0x0000000722c00000|  0%| F|  |TS  0|AC  0|TAMS 0x0000000722b00000, 0x0000000722b00000|
|  28|0x0000000722c00000, 0x0000000722c00000, 0x0000000722d00000|  0%| F|  |TS  0|AC  0|TAMS 0x0000000722c00000, 0x0000000722c00000|
|  29|0x0000000722d00000, 0x0000000722d00000, 0x0000000722e00000|  0%| F|  |TS  0|AC  0|TAMS 0x0000000722d00000, 0x0000000722d00000|
|  30|0x0000000722e00000, 0x0000000722e00000, 0x0000000722f00000|  0%| F|  |TS  0|AC  0|TAMS 0x0000000722e00000, 0x0000000722e00000|
|  31|0x0000000722f00000, 0x0000000722f00000, 0x0000000723000000|  0%| F|  |TS  0|AC  0|TAMS 0x0000000722f00000, 0x0000000722f00000|
|  32|0x0000000723000000, 0x0000000723000000, 0x0000000723100000|  0%| F|  |TS  0|AC  0|TAMS 0x0000000723000000, 0x0000000723000000|
|  33|0x0000000723100000, 0x0000000723100000, 0x0000000723200000|  0%| F|  |TS  0|AC  0|TAMS 0x0000000723100000, 0x0000000723100000|
|  34|0x0000000723200000, 0x0000000723200000, 0x0000000723300000|  0%| F|  |TS  0|AC  0|TAMS 0x0000000723200000, 0x0000000723200000|
|  35|0x0000000723300000, 0x0000000723300000, 0x0000000723400000|  0%| F|  |TS  0|AC  0|TAMS 0x0000000723300000, 0x0000000723300000|
|  36|0x0000000723400000, 0x0000000723400000, 0x0000000723500000|  0%| F|  |TS  0|AC  0|TAMS 0x0000000723400000, 0x0000000723400000|
|  37|0x0000000723500000, 0x0000000723500000, 0x0000000723600000|  0%| F|  |TS  0|AC  0|TAMS 0x0000000723500000, 0x0000000723500000|
|  38|0x0000000723600000, 0x0000000723600000, 0x0000000723700000|  0%| F|  |TS  0|AC  0|TAMS 0x0000000723600000, 0x0000000723600000|
|  39|0x0000000723700000, 0x0000000723700000, 0x0000000723800000|  0%| F|  |TS  0|AC  0|TAMS 0x0000000723700000, 0x0000000723700000|
|  40|0x0000000723800000, 0x0000000723800000, 0x0000000723900000|  0%| F|  |TS  0|AC  0|TAMS 0x0000000723800000, 0x0000000723800000|
|  41|0x0000000723900000, 0x0000000723900000, 0x0000000723a00000|  0%| F|  |TS  0|AC  0|TAMS 0x0000000723900000, 0x0000000723900000|
|  42|0x0000000723a00000, 0x0000000723a00000, 0x0000000723b00000|  0%| F|  |TS  0|AC  0|TAMS 0x0000000723a00000, 0x0000000723a00000|
|  43|0x0000000723b00000, 0x0000000723b00000, 0x0000000723c00000|  0%| F|  |TS  0|AC  0|TAMS 0x0000000723b00000, 0x0000000723b00000|
|  44|0x0000000723c00000, 0x0000000723c00000, 0x0000000723d00000|  0%| F|  |TS  0|AC  0|TAMS 0x0000000723c00000, 0x0000000723c00000|
|  45|0x0000000723d00000, 0x0000000723d00000, 0x0000000723e00000|  0%| F|  |TS  0|AC  0|TAMS 0x0000000723d00000, 0x0000000723d00000|
|  46|0x0000000723e00000, 0x0000000723e00000, 0x0000000723f00000|  0%| F|  |TS  0|AC  0|TAMS 0x0000000723e00000, 0x0000000723e00000|
|  47|0x0000000723f00000, 0x0000000723f00000, 0x0000000724000000|  0%| F|  |TS  0|AC  0|TAMS 0x0000000723f00000, 0x0000000723f00000|
|  48|0x0000000724000000, 0x0000000724000000, 0x0000000724100000|  0%| F|  |TS  0|AC  0|TAMS 0x0000000724000000, 0x0000000724000000|
|  49|0x0000000724100000, 0x0000000724100000, 0x0000000724200000|  0%| F|  |TS  0|AC  0|TAMS 0x0000000724100000, 0x0000000724100000|
|  50|0x0000000724200000, 0x0000000724200000, 0x0000000724300000|  0%| F|  |TS  0|AC  0|TAMS 0x0000000724200000, 0x0000000724200000|
|  51|0x0000000724300000, 0x0000000724300000, 0x0000000724400000|  0%| F|  |TS  0|AC  0|TAMS 0x0000000724300000, 0x0000000724300000|
|  52|0x0000000724400000, 0x0000000724400000, 0x0000000724500000|  0%| F|  |TS  0|AC  0|TAMS 0x0000000724400000, 0x0000000724400000|
|  53|0x0000000724500000, 0x0000000724500000, 0x0000000724600000|  0%| F|  |TS  0|AC  0|TAMS 0x0000000724500000, 0x0000000724500000|
|  54|0x0000000724600000, 0x0000000724600000, 0x0000000724700000|  0%| F|  |TS  0|AC  0|TAMS 0x0000000724600000, 0x0000000724600000|
|  55|0x0000000724700000, 0x0000000724700000, 0x0000000724800000|  0%| F|  |TS  0|AC  0|TAMS 0x0000000724700000, 0x0000000724700000|
|  56|0x0000000724800000, 0x0000000724800000, 0x0000000724900000|  0%| F|  |TS  0|AC  0|TAMS 0x0000000724800000, 0x0000000724800000|
|  57|0x0000000724900000, 0x0000000724900000, 0x0000000724a00000|  0%| F|  |TS  0|AC  0|TAMS 0x0000000724900000, 0x0000000724900000|
|  58|0x0000000724a00000, 0x0000000724a00000, 0x0000000724b00000|  0%| F|  |TS  0|AC  0|TAMS 0x0000000724a00000, 0x0000000724a00000|
|  59|0x0000000724b00000, 0x0000000724b00000, 0x0000000724c00000|  0%| F|  |TS  0|AC  0|TAMS 0x0000000724b00000, 0x0000000724b00000|
|  60|0x0000000724c00000, 0x0000000724c00000, 0x0000000724d00000|  0%| F|  |TS  0|AC  0|TAMS 0x0000000724c00000, 0x0000000724c00000|
|  61|0x0000000724d00000, 0x0000000724d00000, 0x0000000724e00000|  0%| F|  |TS  0|AC  0|TAMS 0x0000000724d00000, 0x0000000724d00000|
|  62|0x0000000724e00000, 0x0000000724e00000, 0x0000000724f00000|  0%| F|  |TS  0|AC  0|TAMS 0x0000000724e00000, 0x0000000724e00000|
|  63|0x0000000724f00000, 0x0000000724f00000, 0x0000000725000000|  0%| F|  |TS  0|AC  0|TAMS 0x0000000724f00000, 0x0000000724f00000|
|  64|0x0000000725000000, 0x0000000725000000, 0x0000000725100000|  0%| F|  |TS  0|AC  0|TAMS 0x0000000725000000, 0x0000000725000000|
|  65|0x0000000725100000, 0x0000000725100000, 0x0000000725200000|  0%| F|  |TS  0|AC  0|TAMS 0x0000000725100000, 0x0000000725100000|
|  66|0x0000000725200000, 0x0000000725200000, 0x0000000725300000|  0%| F|  |TS  0|AC  0|TAMS 0x0000000725200000, 0x0000000725200000|
|  67|0x0000000725300000, 0x0000000725300000, 0x0000000725400000|  0%| F|  |TS  0|AC  0|TAMS 0x0000000725300000, 0x0000000725300000|
|  68|0x0000000725400000, 0x0000000725400000, 0x0000000725500000|  0%| F|  |TS  0|AC  0|TAMS 0x0000000725400000, 0x0000000725400000|
|  69|0x0000000725500000, 0x0000000725500000, 0x0000000725600000|  0%| F|  |TS  0|AC  0|TAMS 0x0000000725500000, 0x0000000725500000|
|  70|0x0000000725600000, 0x0000000725600000, 0x0000000725700000|  0%| F|  |TS  0|AC  0|TAMS 0x0000000725600000, 0x0000000725600000|
|  71|0x0000000725700000, 0x0000000725700000, 0x0000000725800000|  0%| F|  |TS  0|AC  0|TAMS 0x0000000725700000, 0x0000000725700000|
|  72|0x0000000725800000, 0x0000000725800000, 0x0000000725900000|  0%| F|  |TS  0|AC  0|TAMS 0x0000000725800000, 0x0000000725800000|
|  73|0x0000000725900000, 0x0000000725900000, 0x0000000725a00000|  0%| F|  |TS  0|AC  0|TAMS 0x0000000725900000, 0x0000000725900000|
|  74|0x0000000725a00000, 0x0000000725a00000, 0x0000000725b00000|  0%| F|  |TS  0|AC  0|TAMS 0x0000000725a00000, 0x0000000725a00000|
|  75|0x0000000725b00000, 0x0000000725b00000, 0x0000000725c00000|  0%| F|  |TS  0|AC  0|TAMS 0x0000000725b00000, 0x0000000725b00000|
|  76|0x0000000725c00000, 0x0000000725c00000, 0x0000000725d00000|  0%| F|  |TS  0|AC  0|TAMS 0x0000000725c00000, 0x0000000725c00000|
|  77|0x0000000725d00000, 0x0000000725d00000, 0x0000000725e00000|  0%| F|  |TS  0|AC  0|TAMS 0x0000000725d00000, 0x0000000725d00000|
|  78|0x0000000725e00000, 0x0000000725e00000, 0x0000000725f00000|  0%| F|  |TS  0|AC  0|TAMS 0x0000000725e00000, 0x0000000725e00000|
|  79|0x0000000725f00000, 0x0000000725f00000, 0x0000000726000000|  0%| F|  |TS  0|AC  0|TAMS 0x0000000725f00000, 0x0000000725f00000|
|  80|0x0000000726000000, 0x0000000726000000, 0x0000000726100000|  0%| F|  |TS  0|AC  0|TAMS 0x0000000726000000, 0x0000000726000000|
|  81|0x0000000726100000, 0x0000000726100000, 0x0000000726200000|  0%| F|  |TS  0|AC  0|TAMS 0x0000000726100000, 0x0000000726100000|
|  82|0x0000000726200000, 0x0000000726200000, 0x0000000726300000|  0%| F|  |TS  0|AC  0|TAMS 0x0000000726200000, 0x0000000726200000|
|  83|0x0000000726300000, 0x0000000726300000, 0x0000000726400000|  0%| F|  |TS  0|AC  0|TAMS 0x0000000726300000, 0x0000000726300000|
|  84|0x0000000726400000, 0x0000000726400000, 0x0000000726500000|  0%| F|  |TS  0|AC  0|TAMS 0x0000000726400000, 0x0000000726400000|
|  85|0x0000000726500000, 0x0000000726500000, 0x0000000726600000|  0%| F|  |TS  0|AC  0|TAMS 0x0000000726500000, 0x0000000726500000|
|  86|0x0000000726600000, 0x0000000726600000, 0x0000000726700000|  0%| F|  |TS  0|AC  0|TAMS 0x0000000726600000, 0x0000000726600000|
|  87|0x0000000726700000, 0x0000000726700000, 0x0000000726800000|  0%| F|  |TS  0|AC  0|TAMS 0x0000000726700000, 0x0000000726700000|
|  88|0x0000000726800000, 0x0000000726800000, 0x0000000726900000|  0%| F|  |TS  0|AC  0|TAMS 0x0000000726800000, 0x0000000726800000|
|  89|0x0000000726900000, 0x0000000726900000, 0x0000000726a00000|  0%| F|  |TS  0|AC  0|TAMS 0x0000000726900000, 0x0000000726900000|
|  90|0x0000000726a00000, 0x0000000726a00000, 0x0000000726b00000|  0%| F|  |TS  0|AC  0|TAMS 0x0000000726a00000, 0x0000000726a00000|
|  91|0x0000000726b00000, 0x0000000726b00000, 0x0000000726c00000|  0%| F|  |TS  0|AC  0|TAMS 0x0000000726b00000, 0x0000000726b00000|
|  92|0x0000000726c00000, 0x0000000726c00000, 0x0000000726d00000|  0%| F|  |TS  0|AC  0|TAMS 0x0000000726c00000, 0x0000000726c00000|
|  93|0x0000000726d00000, 0x0000000726d00000, 0x0000000726e00000|  0%| F|  |TS  0|AC  0|TAMS 0x0000000726d00000, 0x0000000726d00000|
|  94|0x0000000726e00000, 0x0000000726e00000, 0x0000000726f00000|  0%| F|  |TS  0|AC  0|TAMS 0x0000000726e00000, 0x0000000726e00000|
|  95|0x0000000726f00000, 0x0000000726f00000, 0x0000000727000000|  0%| F|  |TS  0|AC  0|TAMS 0x0000000726f00000, 0x0000000726f00000|
|  96|0x0000000727000000, 0x0000000727000000, 0x0000000727100000|  0%| F|  |TS  0|AC  0|TAMS 0x0000000727000000, 0x0000000727000000|
|  97|0x0000000727100000, 0x0000000727100000, 0x0000000727200000|  0%| F|  |TS  0|AC  0|TAMS 0x0000000727100000, 0x0000000727100000|
|  98|0x0000000727200000, 0x0000000727200000, 0x0000000727300000|  0%| F|  |TS  0|AC  0|TAMS 0x0000000727200000, 0x0000000727200000|
|  99|0x0000000727300000, 0x0000000727300000, 0x0000000727400000|  0%| F|  |TS  0|AC  0|TAMS 0x0000000727300000, 0x0000000727300000|
| 100|0x0000000727400000, 0x0000000727400000, 0x0000000727500000|  0%| F|  |TS  0|AC  0|TAMS 0x0000000727400000, 0x0000000727400000|
| 101|0x0000000727500000, 0x0000000727500000, 0x0000000727600000|  0%| F|  |TS  0|AC  0|TAMS 0x0000000727500000, 0x0000000727500000|
| 102|0x0000000727600000, 0x0000000727600000, 0x0000000727700000|  0%| F|  |TS  0|AC  0|TAMS 0x0000000727600000, 0x0000000727600000|
| 103|0x0000000727700000, 0x0000000727700000, 0x0000000727800000|  0%| F|  |TS  0|AC  0|TAMS 0x0000000727700000, 0x0000000727700000|
| 104|0x0000000727800000, 0x0000000727800000, 0x0000000727900000|  0%| F|  |TS  0|AC  0|TAMS 0x0000000727800000, 0x0000000727800000|
| 105|0x0000000727900000, 0x0000000727900000, 0x0000000727a00000|  0%| F|  |TS  0|AC  0|TAMS 0x0000000727900000, 0x0000000727900000|
| 106|0x0000000727a00000, 0x0000000727a00000, 0x0000000727b00000|  0%| F|  |TS  0|AC  0|TAMS 0x0000000727a00000, 0x0000000727a00000|
| 107|0x0000000727b00000, 0x0000000727b00000, 0x0000000727c00000|  0%| F|  |TS  0|AC  0|TAMS 0x0000000727b00000, 0x0000000727b00000|
| 108|0x0000000727c00000, 0x0000000727c00000, 0x0000000727d00000|  0%| F|  |TS  0|AC  0|TAMS 0x0000000727c00000, 0x0000000727c00000|
| 109|0x0000000727d00000, 0x0000000727d00000, 0x0000000727e00000|  0%| F|  |TS  0|AC  0|TAMS 0x0000000727d00000, 0x0000000727d00000|
| 110|0x0000000727e00000, 0x0000000727e00000, 0x0000000727f00000|  0%| F|  |TS  0|AC  0|TAMS 0x0000000727e00000, 0x0000000727e00000|
| 111|0x0000000727f00000, 0x0000000727f00000, 0x0000000728000000|  0%| F|  |TS  0|AC  0|TAMS 0x0000000727f00000, 0x0000000727f00000|
| 112|0x0000000728000000, 0x0000000728000000, 0x0000000728100000|  0%| F|  |TS  0|AC  0|TAMS 0x0000000728000000, 0x0000000728000000|
| 113|0x0000000728100000, 0x0000000728100000, 0x0000000728200000|  0%| F|  |TS  0|AC  0|TAMS 0x0000000728100000, 0x0000000728100000|
| 114|0x0000000728200000, 0x0000000728200000, 0x0000000728300000|  0%| F|  |TS  0|AC  0|TAMS 0x0000000728200000, 0x0000000728200000|
| 115|0x0000000728300000, 0x0000000728300000, 0x0000000728400000|  0%| F|  |TS  0|AC  0|TAMS 0x0000000728300000, 0x0000000728300000|
| 116|0x0000000728400000, 0x0000000728400000, 0x0000000728500000|  0%| F|  |TS  0|AC  0|TAMS 0x0000000728400000, 0x0000000728400000|
| 117|0x0000000728500000, 0x0000000728500000, 0x0000000728600000|  0%| F|  |TS  0|AC  0|TAMS 0x0000000728500000, 0x0000000728500000|
| 118|0x0000000728600000, 0x0000000728600000, 0x0000000728700000|  0%| F|  |TS  0|AC  0|TAMS 0x0000000728600000, 0x0000000728600000|
| 119|0x0000000728700000, 0x0000000728700000, 0x0000000728800000|  0%| F|  |TS  0|AC  0|TAMS 0x0000000728700000, 0x0000000728700000|
| 120|0x0000000728800000, 0x0000000728800000, 0x0000000728900000|  0%| F|  |TS  0|AC  0|TAMS 0x0000000728800000, 0x0000000728800000|
| 121|0x0000000728900000, 0x0000000728900000, 0x0000000728a00000|  0%| F|  |TS  0|AC  0|TAMS 0x0000000728900000, 0x0000000728900000|
| 122|0x0000000728a00000, 0x0000000728a00000, 0x0000000728b00000|  0%| F|  |TS  0|AC  0|TAMS 0x0000000728a00000, 0x0000000728a00000|
| 123|0x0000000728b00000, 0x0000000728b00000, 0x0000000728c00000|  0%| F|  |TS  0|AC  0|TAMS 0x0000000728b00000, 0x0000000728b00000|
| 124|0x0000000728c00000, 0x0000000728c00000, 0x0000000728d00000|  0%| F|  |TS  0|AC  0|TAMS 0x0000000728c00000, 0x0000000728c00000|
| 125|0x0000000728d00000, 0x0000000728d00000, 0x0000000728e00000|  0%| F|  |TS  0|AC  0|TAMS 0x0000000728d00000, 0x0000000728d00000|
| 126|0x0000000728e00000, 0x0000000728e00000, 0x0000000728f00000|  0%| F|  |TS  0|AC  0|TAMS 0x0000000728e00000, 0x0000000728e00000|
| 127|0x0000000728f00000, 0x0000000728f00000, 0x0000000729000000|  0%| F|  |TS  0|AC  0|TAMS 0x0000000728f00000, 0x0000000728f00000|
| 128|0x0000000729000000, 0x0000000729000000, 0x0000000729100000|  0%| F|  |TS  0|AC  0|TAMS 0x0000000729000000, 0x0000000729000000|
| 129|0x0000000729100000, 0x0000000729100000, 0x0000000729200000|  0%| F|  |TS  0|AC  0|TAMS 0x0000000729100000, 0x0000000729100000|
| 130|0x0000000729200000, 0x0000000729200000, 0x0000000729300000|  0%| F|  |TS  0|AC  0|TAMS 0x0000000729200000, 0x0000000729200000|
| 131|0x0000000729300000, 0x0000000729300000, 0x0000000729400000|  0%| F|  |TS  0|AC  0|TAMS 0x0000000729300000, 0x0000000729300000|
| 132|0x0000000729400000, 0x0000000729400000, 0x0000000729500000|  0%| F|  |TS  0|AC  0|TAMS 0x0000000729400000, 0x0000000729400000|
| 133|0x0000000729500000, 0x0000000729500000, 0x0000000729600000|  0%| F|  |TS  0|AC  0|TAMS 0x0000000729500000, 0x0000000729500000|
| 134|0x0000000729600000, 0x0000000729600000, 0x0000000729700000|  0%| F|  |TS  0|AC  0|TAMS 0x0000000729600000, 0x0000000729600000|
| 135|0x0000000729700000, 0x0000000729700000, 0x0000000729800000|  0%| F|  |TS  0|AC  0|TAMS 0x0000000729700000, 0x0000000729700000|
| 136|0x0000000729800000, 0x0000000729800000, 0x0000000729900000|  0%| F|  |TS  0|AC  0|TAMS 0x0000000729800000, 0x0000000729800000|
| 137|0x0000000729900000, 0x0000000729900000, 0x0000000729a00000|  0%| F|  |TS  0|AC  0|TAMS 0x0000000729900000, 0x0000000729900000|
| 138|0x0000000729a00000, 0x0000000729a00000, 0x0000000729b00000|  0%| F|  |TS  0|AC  0|TAMS 0x0000000729a00000, 0x0000000729a00000|
| 139|0x0000000729b00000, 0x0000000729b00000, 0x0000000729c00000|  0%| F|  |TS  0|AC  0|TAMS 0x0000000729b00000, 0x0000000729b00000|
| 140|0x0000000729c00000, 0x0000000729c00000, 0x0000000729d00000|  0%| F|  |TS  0|AC  0|TAMS 0x0000000729c00000, 0x0000000729c00000|
| 141|0x0000000729d00000, 0x0000000729d00000, 0x0000000729e00000|  0%| F|  |TS  0|AC  0|TAMS 0x0000000729d00000, 0x0000000729d00000|
| 142|0x0000000729e00000, 0x0000000729e00000, 0x0000000729f00000|  0%| F|  |TS  0|AC  0|TAMS 0x0000000729e00000, 0x0000000729e00000|
| 143|0x0000000729f00000, 0x0000000729f00000, 0x000000072a000000|  0%| F|  |TS  0|AC  0|TAMS 0x0000000729f00000, 0x0000000729f00000|
| 144|0x000000072a000000, 0x000000072a000000, 0x000000072a100000|  0%| F|  |TS  0|AC  0|TAMS 0x000000072a000000, 0x000000072a000000|
| 145|0x000000072a100000, 0x000000072a100000, 0x000000072a200000|  0%| F|  |TS  0|AC  0|TAMS 0x000000072a100000, 0x000000072a100000|
| 146|0x000000072a200000, 0x000000072a200000, 0x000000072a300000|  0%| F|  |TS  0|AC  0|TAMS 0x000000072a200000, 0x000000072a200000|
| 147|0x000000072a300000, 0x000000072a300000, 0x000000072a400000|  0%| F|  |TS  0|AC  0|TAMS 0x000000072a300000, 0x000000072a300000|
| 148|0x000000072a400000, 0x000000072a400000, 0x000000072a500000|  0%| F|  |TS  0|AC  0|TAMS 0x000000072a400000, 0x000000072a400000|
| 149|0x000000072a500000, 0x000000072a500000, 0x000000072a600000|  0%| F|  |TS  0|AC  0|TAMS 0x000000072a500000, 0x000000072a500000|
| 150|0x000000072a600000, 0x000000072a67b630, 0x000000072a700000| 48%| E|  |TS  0|AC  0|TAMS 0x000000072a600000, 0x000000072a600000|
| 151|0x000000072a700000, 0x000000072a800000, 0x000000072a800000|100%| E|CS|TS  0|AC  0|TAMS 0x000000072a700000, 0x000000072a700000|
| 152|0x000000072a800000, 0x000000072a900000, 0x000000072a900000|100%| E|CS|TS  0|AC  0|TAMS 0x000000072a800000, 0x000000072a800000|
| 153|0x000000072a900000, 0x000000072aa00000, 0x000000072aa00000|100%| E|CS|TS  0|AC  0|TAMS 0x000000072a900000, 0x000000072a900000|
| 154|0x000000072aa00000, 0x000000072ab00000, 0x000000072ab00000|100%| E|CS|TS  0|AC  0|TAMS 0x000000072aa00000, 0x000000072aa00000|
| 155|0x000000072ab00000, 0x000000072ac00000, 0x000000072ac00000|100%| E|CS|TS  0|AC  0|TAMS 0x000000072ab00000, 0x000000072ab00000|
| 156|0x000000072ac00000, 0x000000072ad00000, 0x000000072ad00000|100%| E|CS|TS  0|AC  0|TAMS 0x000000072ac00000, 0x000000072ac00000|
| 157|0x000000072ad00000, 0x000000072ae00000, 0x000000072ae00000|100%| E|CS|TS  0|AC  0|TAMS 0x000000072ad00000, 0x000000072ad00000|
| 158|0x000000072ae00000, 0x000000072af00000, 0x000000072af00000|100%| E|CS|TS  0|AC  0|TAMS 0x000000072ae00000, 0x000000072ae00000|
| 159|0x000000072af00000, 0x000000072b000000, 0x000000072b000000|100%| E|CS|TS  0|AC  0|TAMS 0x000000072af00000, 0x000000072af00000|

Card table byte_map: [0x000001bf50470000,0x000001bf50970000] byte_map_base: 0x000001bf4cb68000

Marking Bits (Prev, Next): (CMBitMap*) 0x000001bf33cfff40, (CMBitMap*) 0x000001bf33cfff78
 Prev Bits: [0x000001bf50e70000, 0x000001bf53630000)
 Next Bits: [0x000001bf53630000, 0x000001bf55df0000)

Polling page: 0x000001bf33e40000

CodeHeap 'non-profiled nmethods': size=120000Kb used=138Kb max_used=138Kb free=119861Kb
 bounds [0x000001bf47ae0000, 0x000001bf47d50000, 0x000001bf4f010000]
CodeHeap 'profiled nmethods': size=120000Kb used=622Kb max_used=622Kb free=119377Kb
 bounds [0x000001bf405b0000, 0x000001bf40820000, 0x000001bf47ae0000]
CodeHeap 'non-nmethods': size=5760Kb used=1217Kb max_used=1243Kb free=4543Kb
 bounds [0x000001bf40010000, 0x000001bf40280000, 0x000001bf405b0000]
 total_blobs=898 nmethods=424 adapters=283
 compilation: enabled

Compilation events (10 events):
Event: 0.988 Thread 0x000001bf591da000  417       3       java.util.LinkedHashMap::afterNodeInsertion (40 bytes)
Event: 0.988 Thread 0x000001bf591da000 nmethod 417 0x000001bf40646c10 code [0x000001bf40646e00, 0x000001bf40647350]
Event: 0.989 Thread 0x000001bf591da000  418       3       java.util.LinkedHashMap::linkNodeLast (33 bytes)
Event: 0.989 Thread 0x000001bf591da000 nmethod 418 0x000001bf40647510 code [0x000001bf406476e0, 0x000001bf40647a58]
Event: 0.991 Thread 0x000001bf591c5800  420       4       java.lang.AbstractStringBuilder::ensureCapacityInternal (39 bytes)
Event: 0.991 Thread 0x000001bf591da000  421       1       java.util.concurrent.ConcurrentHashMap$MapEntry::getKey (5 bytes)
Event: 0.991 Thread 0x000001bf591da000 nmethod 421 0x000001bf47aff490 code [0x000001bf47aff640, 0x000001bf47aff758]
Event: 0.991 Thread 0x000001bf591da000  422       1       java.util.concurrent.ConcurrentHashMap$MapEntry::getValue (5 bytes)
Event: 0.991 Thread 0x000001bf591da000 nmethod 422 0x000001bf47aff810 code [0x000001bf47aff9c0, 0x000001bf47affad8]
Event: 0.992 Thread 0x000001bf591da000  424       3       java.util.Properties::saveConvert (434 bytes)

GC Heap History (0 events):
No events

Deoptimization events (3 events):
Event: 0.367 Thread 0x000001bf33c78000 Uncommon trap: reason=null_check action=make_not_entrant pc=0x000001bf47af5fe8 method=java.lang.String.equals(Ljava/lang/Object;)Z @ 8 c2
Event: 0.379 Thread 0x000001bf33c78000 Uncommon trap: reason=unstable_if action=reinterpret pc=0x000001bf47ae3c9c method=java.lang.String.charAt(I)C @ 4 c2
Event: 0.988 Thread 0x000001bf591c4800 Uncommon trap: reason=unstable_if action=reinterpret pc=0x000001bf47af8128 method=java.lang.String.equals(Ljava/lang/Object;)Z @ 27 c2

Classes redefined (0 events):
No events

Internal exceptions (3 events):
Event: 0.367 Thread 0x000001bf33c78000 Implicit null exception at 0x000001bf47af5e55 to 0x000001bf47af5fd9
Event: 0.466 Thread 0x000001bf33c78000 Exception <a 'java/lang/NoSuchMethodError'{0x000000072a775a38}: java.lang.Object.lambda$negate$3(I)Z> (0x000000072a775a38) thrown at [t:/workspace/hotspot/src/share/vm/interpreter/linkResolver.cpp, line 731]
Event: 0.467 Thread 0x000001bf33c78000 Exception <a 'java/lang/NoSuchMethodError'{0x000000072a778e90}: java.lang.Object.lambda$and$0(Ljava/util/regex/Pattern$CharPredicate;I)Z> (0x000000072a778e90) thrown at [t:/workspace/hotspot/src/share/vm/interpreter/linkResolver.cpp, line 731]

Events (10 events):
Event: 0.983 loading class sun/util/resources/cldr/TimeZoneNames done
Event: 0.984 loading class sun/util/resources/cldr/TimeZoneNames_en
Event: 0.985 loading class sun/util/resources/cldr/TimeZoneNames_en done
Event: 0.985 loading class sun/util/resources/cldr/TimeZoneNames_en_US
Event: 0.985 loading class sun/util/resources/cldr/TimeZoneNames_en_US done
Event: 0.988 loading class java/util/LinkedHashMap$LinkedKeySet
Event: 0.988 loading class java/util/LinkedHashMap$LinkedKeySet done
Event: 0.988 Thread 0x000001bf591c4800 Uncommon trap: trap_request=0xffffff5d fr.pc=0x000001bf47af8128 relative=0x0000000000000188
Event: 0.988 Thread 0x000001bf591c4800 DEOPT PACKING pc=0x000001bf47af8128 sp=0x00000018aadfe890
Event: 0.988 Thread 0x000001bf591c4800 DEOPT UNPACKING pc=0x000001bf4005da29 sp=0x00000018aadfe830 mode 2


Dynamic libraries:
0x00007ff70def0000 - 0x00007ff70df2e000 	D:\Program Files\Java\jdk-9.0.1\bin\java.exe
0x00007ff929ea0000 - 0x00007ff92a090000 	C:\WINDOWS\SYSTEM32\ntdll.dll
0x00007ff929b40000 - 0x00007ff929bf2000 	C:\WINDOWS\System32\KERNEL32.DLL
0x00007ff9272d0000 - 0x00007ff927573000 	C:\WINDOWS\System32\KERNELBASE.dll
0x00007ff929c00000 - 0x00007ff929ca3000 	C:\WINDOWS\System32\ADVAPI32.dll
0x00007ff929440000 - 0x00007ff9294de000 	C:\WINDOWS\System32\msvcrt.dll
0x00007ff927f50000 - 0x00007ff927fe7000 	C:\WINDOWS\System32\sechost.dll
0x00007ff9294f0000 - 0x00007ff929610000 	C:\WINDOWS\System32\RPCRT4.dll
0x00007ff929220000 - 0x00007ff9293b3000 	C:\WINDOWS\System32\USER32.dll
0x00007ff926f00000 - 0x00007ff926f21000 	C:\WINDOWS\System32\win32u.dll
0x00007ff9291f0000 - 0x00007ff929216000 	C:\WINDOWS\System32\GDI32.dll
0x00007ff927130000 - 0x00007ff9272c4000 	C:\WINDOWS\System32\gdi32full.dll
0x00007ff926e60000 - 0x00007ff926efe000 	C:\WINDOWS\System32\msvcp_win.dll
0x00007ff927630000 - 0x00007ff92772a000 	C:\WINDOWS\System32\ucrtbase.dll
0x00007ff9115c0000 - 0x00007ff911845000 	C:\WINDOWS\WinSxS\amd64_microsoft.windows.common-controls_6595b64144ccf1df_6.0.18362.329_none_e6c7b0c7130c72de\COMCTL32.dll
0x00007ff928060000 - 0x00007ff928396000 	C:\WINDOWS\System32\combase.dll
0x00007ff91f790000 - 0x00007ff91f79a000 	C:\WINDOWS\SYSTEM32\VERSION.dll
0x00007ff927ed0000 - 0x00007ff927f50000 	C:\WINDOWS\System32\bcryptPrimitives.dll
0x00007ff9291c0000 - 0x00007ff9291ee000 	C:\WINDOWS\System32\IMM32.DLL
0x00007ff8f3be0000 - 0x00007ff8f3ccf000 	D:\Program Files\Java\jdk-9.0.1\bin\msvcr120.dll
0x00007ff8f6910000 - 0x00007ff8f69b6000 	D:\Program Files\Java\jdk-9.0.1\bin\msvcp120.dll
0x0000000052380000 - 0x0000000052da4000 	D:\Program Files\Java\jdk-9.0.1\bin\server\jvm.dll
0x00007ff9294e0000 - 0x00007ff9294e8000 	C:\WINDOWS\System32\PSAPI.DLL
0x00007ff9233e0000 - 0x00007ff9233e9000 	C:\WINDOWS\SYSTEM32\WSOCK32.dll
0x00007ff9236f0000 - 0x00007ff923714000 	C:\WINDOWS\SYSTEM32\WINMM.dll
0x00007ff927ff0000 - 0x00007ff92805f000 	C:\WINDOWS\System32\WS2_32.dll
0x00007ff9236c0000 - 0x00007ff9236ed000 	C:\WINDOWS\SYSTEM32\winmmbase.dll
0x00007ff9275e0000 - 0x00007ff92762a000 	C:\WINDOWS\System32\cfgmgr32.dll
0x00007ff923550000 - 0x00007ff92355f000 	D:\Program Files\Java\jdk-9.0.1\bin\verify.dll
0x00007ff920590000 - 0x00007ff9205b7000 	D:\Program Files\Java\jdk-9.0.1\bin\java.dll
0x00007ff90f8f0000 - 0x00007ff90f91a000 	D:\Program Files\Java\jdk-9.0.1\bin\instrument.dll
0x00007ff9234b0000 - 0x00007ff9234c6000 	D:\Program Files\Java\jdk-9.0.1\bin\zip.dll
0x00007ff9234f0000 - 0x00007ff9234fa000 	D:\Program Files\Java\jdk-9.0.1\bin\jimage.dll
0x00007ff928860000 - 0x00007ff928f45000 	C:\WINDOWS\System32\SHELL32.dll
0x00007ff929610000 - 0x00007ff9296b9000 	C:\WINDOWS\System32\shcore.dll
0x00007ff927730000 - 0x00007ff927eae000 	C:\WINDOWS\System32\windows.storage.dll
0x00007ff926dd0000 - 0x00007ff926def000 	C:\WINDOWS\System32\profapi.dll
0x00007ff926d80000 - 0x00007ff926dca000 	C:\WINDOWS\System32\powrprof.dll
0x00007ff926d70000 - 0x00007ff926d80000 	C:\WINDOWS\System32\UMPDC.dll
0x00007ff9284d0000 - 0x00007ff928522000 	C:\WINDOWS\System32\shlwapi.dll
0x00007ff926df0000 - 0x00007ff926e01000 	C:\WINDOWS\System32\kernel.appcore.dll
0x00007ff927eb0000 - 0x00007ff927ec7000 	C:\WINDOWS\System32\cryptsp.dll
0x00007ff90f560000 - 0x00007ff90f57a000 	D:\Program Files\Java\jdk-9.0.1\bin\net.dll
0x00007ff913980000 - 0x00007ff913a70000 	C:\WINDOWS\SYSTEM32\WINHTTP.dll
0x00007ff9265e0000 - 0x00007ff926647000 	C:\WINDOWS\system32\mswsock.dll
0x00007ff90f520000 - 0x00007ff90f531000 	D:\Program Files\Java\jdk-9.0.1\bin\nio.dll
0x00007ff910990000 - 0x00007ff9109aa000 	D:\Program Files\JetBrains\IntelliJ IDEA 2019.2\bin\breakgen64.dll

VM Arguments:
jvm_args: -javaagent:C:\Users\WYC\.IntelliJIdea2019.2\system\testAgent\intellij-coverage-agent-1.0.508.jar=C:\Users\WYC\AppData\Local\Temp\coverageargs -javaagent:D:\Program Files\JetBrains\IntelliJ IDEA 2019.2\lib\idea_rt.jar=45574:D:\Program Files\JetBrains\IntelliJ IDEA 2019.2\bin -Dfile.encoding=UTF-8 
java_command: Threader.ReviewEncourage
java_class_path (initial): F:\WYC\IdeaProjects\javaStudy\javaS\target\classes;C:\Users\WYC\.m2\repository\org\jsoup\jsoup\1.12.1\jsoup-1.12.1.jar;C:\Users\WYC\.m2\repository\org\apache\httpcomponents\httpclient\4.5.8\httpclient-4.5.8.jar;C:\Users\WYC\.m2\repository\org\apache\httpcomponents\httpcore\4.4.11\httpcore-4.4.11.jar;C:\Users\WYC\.m2\repository\commons-logging\commons-logging\1.2\commons-logging-1.2.jar;C:\Users\WYC\.m2\repository\commons-codec\commons-codec\1.11\commons-codec-1.11.jar;C:\Users\WYC\.m2\repository\junit\junit\4.12\junit-4.12.jar;C:\Users\WYC\.m2\repository\org\hamcrest\hamcrest-core\1.3\hamcrest-core-1.3.jar
Launcher Type: SUN_STANDARD

Logging:
Log output configuration:
#0: stdout all=warning uptime,level,tags
#1: stderr all=off uptime,level,tags

Environment Variables:
JAVA_HOME=D:\Program Files\Java\jdk1.8.0_181
PATH=D:\Program Files\JetBrains\IntelliJ IDEA 2019.2\jbr\\bin;D:\Program Files\JetBrains\IntelliJ IDEA 2019.2\jbr\\bin\server;D:\Program Files\Python36\Scripts\;D:\Program Files\Python36\;C:\ProgramData\Oracle\Java\javapath;C:\WINDOWS\system32;C:\WINDOWS;C:\WINDOWS\System32\Wbem;C:\WINDOWS\System32\WindowsPowerShell\v1.0\;C:\WINDOWS\System32\OpenSSH\;C:\Program Files\MySQL\MySQL Server 8.0\bin;D:\Program Files\Java\jdk1.8.0_181\bin;C:\Program Files\TortoiseSVN\bin;D:\Program Files\nodejs\;D:\Program Files\Git\cmd;C:\Program Files\AMD\AMDuProf\bin;C:\Program Files\MySQL\MySQL Shell 8.0\bin\;C:\Users\WYC\AppData\Local\Microsoft\WindowsApps;C:\Users\WYC\AppData\Roaming\npm;D:\Program Files\JetBrains\IntelliJ IDEA 2019.2\bin;;D:\Program Files\CMake\bin;D:\Program Files (x86)\Nmap
USERNAME=WYC
OS=Windows_NT
PROCESSOR_IDENTIFIER=AMD64 Family 23 Model 24 Stepping 1, AuthenticAMD



---------------  S Y S T E M  ---------------

OS: Windows 10 , 64 bit Build 18362 (10.0.18362.329)

CPU:total 8 (initial active 8) (8 cores per cpu, 1 threads per core) family 23 model 24 stepping 1, cmov, cx8, fxsr, mmx, sse, sse2, sse3, ssse3, sse4.1, sse4.2, popcnt, avx, avx2, aes, clmul, mmxext, 3dnowpref, lzcnt, sse4a, tsc, tscinvbit, tscinv, bmi1

Memory: 4k page, physical 10417484k(2232532k free), swap 14611788k(28k free)

vm_info: Java HotSpot(TM) 64-Bit Server VM (9.0.1+11) for windows-amd64 JRE (9.0.1+11), built on Sep 28 2017 04:54:03 by "mach5one" with MS VC++ 12.0 (VS2013)

END.
