#
# There is insufficient memory for the Java Runtime Environment to continue.
# Native memory allocation (malloc) failed to allocate 32744 bytes for ChunkPool::allocate
# Possible reasons:
#   The system is out of physical RAM or swap space
#   The process is running with CompressedOops enabled, and the Java Heap may be blocking the growth of the native heap
# Possible solutions:
#   Reduce memory load on the system
#   Increase physical memory or swap space
#   Check if swap backing store is full
#   Decrease Java heap size (-Xmx/-Xms)
#   Decrease number of Java threads
#   Decrease Java thread stack sizes (-Xss)
#   Set larger code cache with -XX:ReservedCodeCacheSize=
#   JVM is running with Zero Based Compressed Oops mode in which the Java heap is
#     placed in the first 32GB address space. The Java Heap base address is the
#     maximum limit for the native heap growth. Please use -XX:HeapBaseMinAddress
#     to set the Java Heap base and to place the Java Heap above 32GB virtual address.
# This output file may be truncated or incomplete.
#
#  Out of Memory Error (t:/workspace/hotspot/src/share/vm/memory/allocation.cpp:256), pid=14928, tid=11616
#
# JRE version: Java(TM) SE Runtime Environment (9.0+11) (build 9.0.1+11)
# Java VM: Java HotSpot(TM) 64-Bit Server VM (9.0.1+11, mixed mode, tiered, compressed oops, g1 gc, windows-amd64)
# No core dump will be written. Minidumps are not enabled by default on client versions of Windows
#

---------------  S U M M A R Y ------------

Command Line: -javaagent:D:\Program Files\JetBrains\IntelliJ IDEA 2019.2\lib\idea_rt.jar=45556:D:\Program Files\JetBrains\IntelliJ IDEA 2019.2\bin -Dfile.encoding=UTF-8 Threader.ReviewEncourage

Host: AMD Ryzen 5 3500U with Radeon Vega Mobile Gfx  , 8 cores, 9G,  Windows 10 , 64 bit Build 18362 (10.0.18362.329)
Time: Wed Sep 11 17:07:05 2019 ?D1¨²¡À¨º¡Á?¨º¡À?? elapsed time: 1 seconds (0d 0h 0m 1s)

---------------  T H R E A D  ---------------

Current thread (0x0000021c5b94a800):  JavaThread "C2 CompilerThread1" daemon [_thread_in_native, id=11616, stack(0x0000009672200000,0x0000009672300000)]


Current CompileTask:
C2:   1032  348       4       java.util.HashMap::putVal (300 bytes)

Stack: [0x0000009672200000,0x0000009672300000]
Native frames: (J=compiled Java code, j=interpreted, Vv=VM code, C=native code)
V  [jvm.dll+0x5870b8]

[error occurred during error reporting (printing native stack), id 0xe0000001]


---------------  P R O C E S S  ---------------

Java Threads: ( => current thread )
  0x0000021c5bbed000 JavaThread "Service Thread" daemon [_thread_blocked, id=10220, stack(0x0000009672800000,0x0000009672900000)]
  0x0000021c5bbec000 JavaThread "Monitor Ctrl-Break" daemon [_thread_in_native, id=19656, stack(0x0000009672700000,0x0000009672800000)]
  0x0000021c5b98b800 JavaThread "Common-Cleaner" daemon [_thread_blocked, id=17812, stack(0x0000009672600000,0x0000009672700000)]
  0x0000021c5b96b000 JavaThread "Sweeper thread" daemon [_thread_blocked, id=10204, stack(0x0000009672500000,0x0000009672600000)]
  0x0000021c5b95a000 JavaThread "C1 CompilerThread3" daemon [_thread_blocked, id=6912, stack(0x0000009672400000,0x0000009672500000)]
  0x0000021c5b953800 JavaThread "C2 CompilerThread2" daemon [_thread_blocked, id=19096, stack(0x0000009672300000,0x0000009672400000)]
=>0x0000021c5b94a800 JavaThread "C2 CompilerThread1" daemon [_thread_in_native, id=11616, stack(0x0000009672200000,0x0000009672300000)]
  0x0000021c5b937000 JavaThread "C2 CompilerThread0" daemon [_thread_blocked, id=17624, stack(0x0000009672100000,0x0000009672200000)]
  0x0000021c5b936000 JavaThread "Attach Listener" daemon [_thread_blocked, id=14344, stack(0x0000009672000000,0x0000009672100000)]
  0x0000021c5b935800 JavaThread "Signal Dispatcher" daemon [_thread_blocked, id=21364, stack(0x0000009671f00000,0x0000009672000000)]
  0x0000021c5b8d4000 JavaThread "Finalizer" daemon [_thread_blocked, id=12240, stack(0x0000009671e00000,0x0000009671f00000)]
  0x0000021c5b8ca000 JavaThread "Reference Handler" daemon [_thread_blocked, id=6188, stack(0x0000009671d00000,0x0000009671e00000)]
  0x0000021c36495000 JavaThread "main" [_thread_in_native, id=18668, stack(0x0000009670700000,0x0000009670800000)]

Other Threads:
  0x0000021c5b8c6000 VMThread "VM Thread" [stack: 0x0000009671c00000,0x0000009671d00000] [id=8864]
  0x0000021c5bbfc800 WatcherThread [stack: 0x0000009672900000,0x0000009672a00000] [id=18300]
  0x0000021c364aa800 GCTaskThread "GC Thread#0" [stack: 0x0000009670800000,0x0000009670900000] [id=14668]
  0x0000021c364ad000 GCTaskThread "GC Thread#1" [stack: 0x0000009670900000,0x0000009670a00000] [id=3628]
  0x0000021c364af800 GCTaskThread "GC Thread#2" [stack: 0x0000009670a00000,0x0000009670b00000] [id=14848]
  0x0000021c364b2000 GCTaskThread "GC Thread#3" [stack: 0x0000009670b00000,0x0000009670c00000] [id=21412]
  0x0000021c364b5000 GCTaskThread "GC Thread#4" [stack: 0x0000009670c00000,0x0000009670d00000] [id=16656]
  0x0000021c364bc800 GCTaskThread "GC Thread#5" [stack: 0x0000009670d00000,0x0000009670e00000] [id=19460]
  0x0000021c364c4800 GCTaskThread "GC Thread#6" [stack: 0x0000009670e00000,0x0000009670f00000] [id=15960]
  0x0000021c364c2000 GCTaskThread "GC Thread#7" [stack: 0x0000009670f00000,0x0000009671000000] [id=19628]
  0x0000021c36523000 ConcurrentGCThread "G1 Main Marker" [stack: 0x0000009671900000,0x0000009671a00000] [id=9500]
  0x0000021c364be000 ConcurrentGCThread "G1 Marker#0" [stack: 0x0000009671a00000,0x0000009671b00000] [id=12424]
  0x0000021c364c5000 ConcurrentGCThread "G1 Marker#1" [stack: 0x0000009671b00000,0x0000009671c00000] [id=21268]
  0x0000021c364f1800 ConcurrentGCThread "G1 Refine#0" [stack: 0x0000009671700000,0x0000009671800000] [id=1224]
  0x0000021c364f1000 ConcurrentGCThread "G1 Refine#1" [stack: 0x0000009671600000,0x0000009671700000] [id=8344]
  0x0000021c364f0800 ConcurrentGCThread "G1 Refine#2" [stack: 0x0000009671500000,0x0000009671600000] [id=16996]
  0x0000021c364df800 ConcurrentGCThread "G1 Refine#3" [stack: 0x0000009671400000,0x0000009671500000] [id=21276]
  0x0000021c364d7000 ConcurrentGCThread "G1 Refine#4" [stack: 0x0000009671300000,0x0000009671400000] [id=7652]
  0x0000021c364d2800 ConcurrentGCThread "G1 Refine#5" [stack: 0x0000009671200000,0x0000009671300000] [id=20436]
  0x0000021c364d1800 ConcurrentGCThread "G1 Refine#6" [stack: 0x0000009671100000,0x0000009671200000] [id=3184]
  0x0000021c364d0000 ConcurrentGCThread "G1 Refine#7" [stack: 0x0000009671000000,0x0000009671100000] [id=14732]
  0x0000021c364f6800 ConcurrentGCThread "G1 Young RemSet Sampling" [stack: 0x0000009671800000,0x0000009671900000] [id=9632]

Threads with active compile tasks:
C2 CompilerThread1 348       4       java.util.HashMap::putVal (300 bytes)

VM state:not at safepoint (normal execution)

VM Mutex/Monitor currently owned by a thread: None

Heap address: 0x0000000721000000, size: 2544 MB, Compressed Oops mode: Zero based, Oop shift amount: 3
Narrow klass base: 0x0000000000000000, Narrow klass shift: 3
Compressed class space size: 1073741824 Address: 0x00000007c0000000

Heap:
 garbage-first heap   total 163840K, used 6144K [0x0000000721000000, 0x0000000721100500, 0x00000007c0000000)
  region size 1024K, 7 young (7168K), 0 survivors (0K)
 Metaspace       used 7413K, capacity 7578K, committed 7680K, reserved 1056768K
  class space    used 650K, capacity 683K, committed 768K, reserved 1048576K
Heap Regions: E=young(eden), S=young(survivor), O=old, HS=humongous(starts), HC=humongous(continues), CS=collection set, F=free, A=archive, TS=gc time stamp, AC=allocation context, TAMS=top-at-mark-start (previous, next)
|   0|0x0000000721000000, 0x0000000721000000, 0x0000000721100000|  0%| F|  |TS  0|AC  0|TAMS 0x0000000721000000, 0x0000000721000000|
|   1|0x0000000721100000, 0x0000000721100000, 0x0000000721200000|  0%| F|  |TS  0|AC  0|TAMS 0x0000000721100000, 0x0000000721100000|
|   2|0x0000000721200000, 0x0000000721200000, 0x0000000721300000|  0%| F|  |TS  0|AC  0|TAMS 0x0000000721200000, 0x0000000721200000|
|   3|0x0000000721300000, 0x0000000721300000, 0x0000000721400000|  0%| F|  |TS  0|AC  0|TAMS 0x0000000721300000, 0x0000000721300000|
|   4|0x0000000721400000, 0x0000000721400000, 0x0000000721500000|  0%| F|  |TS  0|AC  0|TAMS 0x0000000721400000, 0x0000000721400000|
|   5|0x0000000721500000, 0x0000000721500000, 0x0000000721600000|  0%| F|  |TS  0|AC  0|TAMS 0x0000000721500000, 0x0000000721500000|
|   6|0x0000000721600000, 0x0000000721600000, 0x0000000721700000|  0%| F|  |TS  0|AC  0|TAMS 0x0000000721600000, 0x0000000721600000|
|   7|0x0000000721700000, 0x0000000721700000, 0x0000000721800000|  0%| F|  |TS  0|AC  0|TAMS 0x0000000721700000, 0x0000000721700000|
|   8|0x0000000721800000, 0x0000000721800000, 0x0000000721900000|  0%| F|  |TS  0|AC  0|TAMS 0x0000000721800000, 0x0000000721800000|
|   9|0x0000000721900000, 0x0000000721900000, 0x0000000721a00000|  0%| F|  |TS  0|AC  0|TAMS 0x0000000721900000, 0x0000000721900000|
|  10|0x0000000721a00000, 0x0000000721a00000, 0x0000000721b00000|  0%| F|  |TS  0|AC  0|TAMS 0x0000000721a00000, 0x0000000721a00000|
|  11|0x0000000721b00000, 0x0000000721b00000, 0x0000000721c00000|  0%| F|  |TS  0|AC  0|TAMS 0x0000000721b00000, 0x0000000721b00000|
|  12|0x0000000721c00000, 0x0000000721c00000, 0x0000000721d00000|  0%| F|  |TS  0|AC  0|TAMS 0x0000000721c00000, 0x0000000721c00000|
|  13|0x0000000721d00000, 0x0000000721d00000, 0x0000000721e00000|  0%| F|  |TS  0|AC  0|TAMS 0x0000000721d00000, 0x0000000721d00000|
|  14|0x0000000721e00000, 0x0000000721e00000, 0x0000000721f00000|  0%| F|  |TS  0|AC  0|TAMS 0x0000000721e00000, 0x0000000721e00000|
|  15|0x0000000721f00000, 0x0000000721f00000, 0x0000000722000000|  0%| F|  |TS  0|AC  0|TAMS 0x0000000721f00000, 0x0000000721f00000|
|  16|0x0000000722000000, 0x0000000722000000, 0x0000000722100000|  0%| F|  |TS  0|AC  0|TAMS 0x0000000722000000, 0x0000000722000000|
|  17|0x0000000722100000, 0x0000000722100000, 0x0000000722200000|  0%| F|  |TS  0|AC  0|TAMS 0x0000000722100000, 0x0000000722100000|
|  18|0x0000000722200000, 0x0000000722200000, 0x0000000722300000|  0%| F|  |TS  0|AC  0|TAMS 0x0000000722200000, 0x0000000722200000|
|  19|0x0000000722300000, 0x0000000722300000, 0x0000000722400000|  0%| F|  |TS  0|AC  0|TAMS 0x0000000722300000, 0x0000000722300000|
|  20|0x0000000722400000, 0x0000000722400000, 0x0000000722500000|  0%| F|  |TS  0|AC  0|TAMS 0x0000000722400000, 0x0000000722400000|
|  21|0x0000000722500000, 0x0000000722500000, 0x0000000722600000|  0%| F|  |TS  0|AC  0|TAMS 0x0000000722500000, 0x0000000722500000|
|  22|0x0000000722600000, 0x0000000722600000, 0x0000000722700000|  0%| F|  |TS  0|AC  0|TAMS 0x0000000722600000, 0x0000000722600000|
|  23|0x0000000722700000, 0x0000000722700000, 0x0000000722800000|  0%| F|  |TS  0|AC  0|TAMS 0x0000000722700000, 0x0000000722700000|
|  24|0x0000000722800000, 0x0000000722800000, 0x0000000722900000|  0%| F|  |TS  0|AC  0|TAMS 0x0000000722800000, 0x0000000722800000|
|  25|0x0000000722900000, 0x0000000722900000, 0x0000000722a00000|  0%| F|  |TS  0|AC  0|TAMS 0x0000000722900000, 0x0000000722900000|
|  26|0x0000000722a00000, 0x0000000722a00000, 0x0000000722b00000|  0%| F|  |TS  0|AC  0|TAMS 0x0000000722a00000, 0x0000000722a00000|
|  27|0x0000000722b00000, 0x0000000722b00000, 0x0000000722c00000|  0%| F|  |TS  0|AC  0|TAMS 0x0000000722b00000, 0x0000000722b00000|
|  28|0x0000000722c00000, 0x0000000722c00000, 0x0000000722d00000|  0%| F|  |TS  0|AC  0|TAMS 0x0000000722c00000, 0x0000000722c00000|
|  29|0x0000000722d00000, 0x0000000722d00000, 0x0000000722e00000|  0%| F|  |TS  0|AC  0|TAMS 0x0000000722d00000, 0x0000000722d00000|
|  30|0x0000000722e00000, 0x0000000722e00000, 0x0000000722f00000|  0%| F|  |TS  0|AC  0|TAMS 0x0000000722e00000, 0x0000000722e00000|
|  31|0x0000000722f00000, 0x0000000722f00000, 0x0000000723000000|  0%| F|  |TS  0|AC  0|TAMS 0x0000000722f00000, 0x0000000722f00000|
|  32|0x0000000723000000, 0x0000000723000000, 0x0000000723100000|  0%| F|  |TS  0|AC  0|TAMS 0x0000000723000000, 0x0000000723000000|
|  33|0x0000000723100000, 0x0000000723100000, 0x0000000723200000|  0%| F|  |TS  0|AC  0|TAMS 0x0000000723100000, 0x0000000723100000|
|  34|0x0000000723200000, 0x0000000723200000, 0x0000000723300000|  0%| F|  |TS  0|AC  0|TAMS 0x0000000723200000, 0x0000000723200000|
|  35|0x0000000723300000, 0x0000000723300000, 0x0000000723400000|  0%| F|  |TS  0|AC  0|TAMS 0x0000000723300000, 0x0000000723300000|
|  36|0x0000000723400000, 0x0000000723400000, 0x0000000723500000|  0%| F|  |TS  0|AC  0|TAMS 0x0000000723400000, 0x0000000723400000|
|  37|0x0000000723500000, 0x0000000723500000, 0x0000000723600000|  0%| F|  |TS  0|AC  0|TAMS 0x0000000723500000, 0x0000000723500000|
|  38|0x0000000723600000, 0x0000000723600000, 0x0000000723700000|  0%| F|  |TS  0|AC  0|TAMS 0x0000000723600000, 0x0000000723600000|
|  39|0x0000000723700000, 0x0000000723700000, 0x0000000723800000|  0%| F|  |TS  0|AC  0|TAMS 0x0000000723700000, 0x0000000723700000|
|  40|0x0000000723800000, 0x0000000723800000, 0x0000000723900000|  0%| F|  |TS  0|AC  0|TAMS 0x0000000723800000, 0x0000000723800000|
|  41|0x0000000723900000, 0x0000000723900000, 0x0000000723a00000|  0%| F|  |TS  0|AC  0|TAMS 0x0000000723900000, 0x0000000723900000|
|  42|0x0000000723a00000, 0x0000000723a00000, 0x0000000723b00000|  0%| F|  |TS  0|AC  0|TAMS 0x0000000723a00000, 0x0000000723a00000|
|  43|0x0000000723b00000, 0x0000000723b00000, 0x0000000723c00000|  0%| F|  |TS  0|AC  0|TAMS 0x0000000723b00000, 0x0000000723b00000|
|  44|0x0000000723c00000, 0x0000000723c00000, 0x0000000723d00000|  0%| F|  |TS  0|AC  0|TAMS 0x0000000723c00000, 0x0000000723c00000|
|  45|0x0000000723d00000, 0x0000000723d00000, 0x0000000723e00000|  0%| F|  |TS  0|AC  0|TAMS 0x0000000723d00000, 0x0000000723d00000|
|  46|0x0000000723e00000, 0x0000000723e00000, 0x0000000723f00000|  0%| F|  |TS  0|AC  0|TAMS 0x0000000723e00000, 0x0000000723e00000|
|  47|0x0000000723f00000, 0x0000000723f00000, 0x0000000724000000|  0%| F|  |TS  0|AC  0|TAMS 0x0000000723f00000, 0x0000000723f00000|
|  48|0x0000000724000000, 0x0000000724000000, 0x0000000724100000|  0%| F|  |TS  0|AC  0|TAMS 0x0000000724000000, 0x0000000724000000|
|  49|0x0000000724100000, 0x0000000724100000, 0x0000000724200000|  0%| F|  |TS  0|AC  0|TAMS 0x0000000724100000, 0x0000000724100000|
|  50|0x0000000724200000, 0x0000000724200000, 0x0000000724300000|  0%| F|  |TS  0|AC  0|TAMS 0x0000000724200000, 0x0000000724200000|
|  51|0x0000000724300000, 0x0000000724300000, 0x0000000724400000|  0%| F|  |TS  0|AC  0|TAMS 0x0000000724300000, 0x0000000724300000|
|  52|0x0000000724400000, 0x0000000724400000, 0x0000000724500000|  0%| F|  |TS  0|AC  0|TAMS 0x0000000724400000, 0x0000000724400000|
|  53|0x0000000724500000, 0x0000000724500000, 0x0000000724600000|  0%| F|  |TS  0|AC  0|TAMS 0x0000000724500000, 0x0000000724500000|
|  54|0x0000000724600000, 0x0000000724600000, 0x0000000724700000|  0%| F|  |TS  0|AC  0|TAMS 0x0000000724600000, 0x0000000724600000|
|  55|0x0000000724700000, 0x0000000724700000, 0x0000000724800000|  0%| F|  |TS  0|AC  0|TAMS 0x0000000724700000, 0x0000000724700000|
|  56|0x0000000724800000, 0x0000000724800000, 0x0000000724900000|  0%| F|  |TS  0|AC  0|TAMS 0x0000000724800000, 0x0000000724800000|
|  57|0x0000000724900000, 0x0000000724900000, 0x0000000724a00000|  0%| F|  |TS  0|AC  0|TAMS 0x0000000724900000, 0x0000000724900000|
|  58|0x0000000724a00000, 0x0000000724a00000, 0x0000000724b00000|  0%| F|  |TS  0|AC  0|TAMS 0x0000000724a00000, 0x0000000724a00000|
|  59|0x0000000724b00000, 0x0000000724b00000, 0x0000000724c00000|  0%| F|  |TS  0|AC  0|TAMS 0x0000000724b00000, 0x0000000724b00000|
|  60|0x0000000724c00000, 0x0000000724c00000, 0x0000000724d00000|  0%| F|  |TS  0|AC  0|TAMS 0x0000000724c00000, 0x0000000724c00000|
|  61|0x0000000724d00000, 0x0000000724d00000, 0x0000000724e00000|  0%| F|  |TS  0|AC  0|TAMS 0x0000000724d00000, 0x0000000724d00000|
|  62|0x0000000724e00000, 0x0000000724e00000, 0x0000000724f00000|  0%| F|  |TS  0|AC  0|TAMS 0x0000000724e00000, 0x0000000724e00000|
|  63|0x0000000724f00000, 0x0000000724f00000, 0x0000000725000000|  0%| F|  |TS  0|AC  0|TAMS 0x0000000724f00000, 0x0000000724f00000|
|  64|0x0000000725000000, 0x0000000725000000, 0x0000000725100000|  0%| F|  |TS  0|AC  0|TAMS 0x0000000725000000, 0x0000000725000000|
|  65|0x0000000725100000, 0x0000000725100000, 0x0000000725200000|  0%| F|  |TS  0|AC  0|TAMS 0x0000000725100000, 0x0000000725100000|
|  66|0x0000000725200000, 0x0000000725200000, 0x0000000725300000|  0%| F|  |TS  0|AC  0|TAMS 0x0000000725200000, 0x0000000725200000|
|  67|0x0000000725300000, 0x0000000725300000, 0x0000000725400000|  0%| F|  |TS  0|AC  0|TAMS 0x0000000725300000, 0x0000000725300000|
|  68|0x0000000725400000, 0x0000000725400000, 0x0000000725500000|  0%| F|  |TS  0|AC  0|TAMS 0x0000000725400000, 0x0000000725400000|
|  69|0x0000000725500000, 0x0000000725500000, 0x0000000725600000|  0%| F|  |TS  0|AC  0|TAMS 0x0000000725500000, 0x0000000725500000|
|  70|0x0000000725600000, 0x0000000725600000, 0x0000000725700000|  0%| F|  |TS  0|AC  0|TAMS 0x0000000725600000, 0x0000000725600000|
|  71|0x0000000725700000, 0x0000000725700000, 0x0000000725800000|  0%| F|  |TS  0|AC  0|TAMS 0x0000000725700000, 0x0000000725700000|
|  72|0x0000000725800000, 0x0000000725800000, 0x0000000725900000|  0%| F|  |TS  0|AC  0|TAMS 0x0000000725800000, 0x0000000725800000|
|  73|0x0000000725900000, 0x0000000725900000, 0x0000000725a00000|  0%| F|  |TS  0|AC  0|TAMS 0x0000000725900000, 0x0000000725900000|
|  74|0x0000000725a00000, 0x0000000725a00000, 0x0000000725b00000|  0%| F|  |TS  0|AC  0|TAMS 0x0000000725a00000, 0x0000000725a00000|
|  75|0x0000000725b00000, 0x0000000725b00000, 0x0000000725c00000|  0%| F|  |TS  0|AC  0|TAMS 0x0000000725b00000, 0x0000000725b00000|
|  76|0x0000000725c00000, 0x0000000725c00000, 0x0000000725d00000|  0%| F|  |TS  0|AC  0|TAMS 0x0000000725c00000, 0x0000000725c00000|
|  77|0x0000000725d00000, 0x0000000725d00000, 0x0000000725e00000|  0%| F|  |TS  0|AC  0|TAMS 0x0000000725d00000, 0x0000000725d00000|
|  78|0x0000000725e00000, 0x0000000725e00000, 0x0000000725f00000|  0%| F|  |TS  0|AC  0|TAMS 0x0000000725e00000, 0x0000000725e00000|
|  79|0x0000000725f00000, 0x0000000725f00000, 0x0000000726000000|  0%| F|  |TS  0|AC  0|TAMS 0x0000000725f00000, 0x0000000725f00000|
|  80|0x0000000726000000, 0x0000000726000000, 0x0000000726100000|  0%| F|  |TS  0|AC  0|TAMS 0x0000000726000000, 0x0000000726000000|
|  81|0x0000000726100000, 0x0000000726100000, 0x0000000726200000|  0%| F|  |TS  0|AC  0|TAMS 0x0000000726100000, 0x0000000726100000|
|  82|0x0000000726200000, 0x0000000726200000, 0x0000000726300000|  0%| F|  |TS  0|AC  0|TAMS 0x0000000726200000, 0x0000000726200000|
|  83|0x0000000726300000, 0x0000000726300000, 0x0000000726400000|  0%| F|  |TS  0|AC  0|TAMS 0x0000000726300000, 0x0000000726300000|
|  84|0x0000000726400000, 0x0000000726400000, 0x0000000726500000|  0%| F|  |TS  0|AC  0|TAMS 0x0000000726400000, 0x0000000726400000|
|  85|0x0000000726500000, 0x0000000726500000, 0x0000000726600000|  0%| F|  |TS  0|AC  0|TAMS 0x0000000726500000, 0x0000000726500000|
|  86|0x0000000726600000, 0x0000000726600000, 0x0000000726700000|  0%| F|  |TS  0|AC  0|TAMS 0x0000000726600000, 0x0000000726600000|
|  87|0x0000000726700000, 0x0000000726700000, 0x0000000726800000|  0%| F|  |TS  0|AC  0|TAMS 0x0000000726700000, 0x0000000726700000|
|  88|0x0000000726800000, 0x0000000726800000, 0x0000000726900000|  0%| F|  |TS  0|AC  0|TAMS 0x0000000726800000, 0x0000000726800000|
|  89|0x0000000726900000, 0x0000000726900000, 0x0000000726a00000|  0%| F|  |TS  0|AC  0|TAMS 0x0000000726900000, 0x0000000726900000|
|  90|0x0000000726a00000, 0x0000000726a00000, 0x0000000726b00000|  0%| F|  |TS  0|AC  0|TAMS 0x0000000726a00000, 0x0000000726a00000|
|  91|0x0000000726b00000, 0x0000000726b00000, 0x0000000726c00000|  0%| F|  |TS  0|AC  0|TAMS 0x0000000726b00000, 0x0000000726b00000|
|  92|0x0000000726c00000, 0x0000000726c00000, 0x0000000726d00000|  0%| F|  |TS  0|AC  0|TAMS 0x0000000726c00000, 0x0000000726c00000|
|  93|0x0000000726d00000, 0x0000000726d00000, 0x0000000726e00000|  0%| F|  |TS  0|AC  0|TAMS 0x0000000726d00000, 0x0000000726d00000|
|  94|0x0000000726e00000, 0x0000000726e00000, 0x0000000726f00000|  0%| F|  |TS  0|AC  0|TAMS 0x0000000726e00000, 0x0000000726e00000|
|  95|0x0000000726f00000, 0x0000000726f00000, 0x0000000727000000|  0%| F|  |TS  0|AC  0|TAMS 0x0000000726f00000, 0x0000000726f00000|
|  96|0x0000000727000000, 0x0000000727000000, 0x0000000727100000|  0%| F|  |TS  0|AC  0|TAMS 0x0000000727000000, 0x0000000727000000|
|  97|0x0000000727100000, 0x0000000727100000, 0x0000000727200000|  0%| F|  |TS  0|AC  0|TAMS 0x0000000727100000, 0x0000000727100000|
|  98|0x0000000727200000, 0x0000000727200000, 0x0000000727300000|  0%| F|  |TS  0|AC  0|TAMS 0x0000000727200000, 0x0000000727200000|
|  99|0x0000000727300000, 0x0000000727300000, 0x0000000727400000|  0%| F|  |TS  0|AC  0|TAMS 0x0000000727300000, 0x0000000727300000|
| 100|0x0000000727400000, 0x0000000727400000, 0x0000000727500000|  0%| F|  |TS  0|AC  0|TAMS 0x0000000727400000, 0x0000000727400000|
| 101|0x0000000727500000, 0x0000000727500000, 0x0000000727600000|  0%| F|  |TS  0|AC  0|TAMS 0x0000000727500000, 0x0000000727500000|
| 102|0x0000000727600000, 0x0000000727600000, 0x0000000727700000|  0%| F|  |TS  0|AC  0|TAMS 0x0000000727600000, 0x0000000727600000|
| 103|0x0000000727700000, 0x0000000727700000, 0x0000000727800000|  0%| F|  |TS  0|AC  0|TAMS 0x0000000727700000, 0x0000000727700000|
| 104|0x0000000727800000, 0x0000000727800000, 0x0000000727900000|  0%| F|  |TS  0|AC  0|TAMS 0x0000000727800000, 0x0000000727800000|
| 105|0x0000000727900000, 0x0000000727900000, 0x0000000727a00000|  0%| F|  |TS  0|AC  0|TAMS 0x0000000727900000, 0x0000000727900000|
| 106|0x0000000727a00000, 0x0000000727a00000, 0x0000000727b00000|  0%| F|  |TS  0|AC  0|TAMS 0x0000000727a00000, 0x0000000727a00000|
| 107|0x0000000727b00000, 0x0000000727b00000, 0x0000000727c00000|  0%| F|  |TS  0|AC  0|TAMS 0x0000000727b00000, 0x0000000727b00000|
| 108|0x0000000727c00000, 0x0000000727c00000, 0x0000000727d00000|  0%| F|  |TS  0|AC  0|TAMS 0x0000000727c00000, 0x0000000727c00000|
| 109|0x0000000727d00000, 0x0000000727d00000, 0x0000000727e00000|  0%| F|  |TS  0|AC  0|TAMS 0x0000000727d00000, 0x0000000727d00000|
| 110|0x0000000727e00000, 0x0000000727e00000, 0x0000000727f00000|  0%| F|  |TS  0|AC  0|TAMS 0x0000000727e00000, 0x0000000727e00000|
| 111|0x0000000727f00000, 0x0000000727f00000, 0x0000000728000000|  0%| F|  |TS  0|AC  0|TAMS 0x0000000727f00000, 0x0000000727f00000|
| 112|0x0000000728000000, 0x0000000728000000, 0x0000000728100000|  0%| F|  |TS  0|AC  0|TAMS 0x0000000728000000, 0x0000000728000000|
| 113|0x0000000728100000, 0x0000000728100000, 0x0000000728200000|  0%| F|  |TS  0|AC  0|TAMS 0x0000000728100000, 0x0000000728100000|
| 114|0x0000000728200000, 0x0000000728200000, 0x0000000728300000|  0%| F|  |TS  0|AC  0|TAMS 0x0000000728200000, 0x0000000728200000|
| 115|0x0000000728300000, 0x0000000728300000, 0x0000000728400000|  0%| F|  |TS  0|AC  0|TAMS 0x0000000728300000, 0x0000000728300000|
| 116|0x0000000728400000, 0x0000000728400000, 0x0000000728500000|  0%| F|  |TS  0|AC  0|TAMS 0x0000000728400000, 0x0000000728400000|
| 117|0x0000000728500000, 0x0000000728500000, 0x0000000728600000|  0%| F|  |TS  0|AC  0|TAMS 0x0000000728500000, 0x0000000728500000|
| 118|0x0000000728600000, 0x0000000728600000, 0x0000000728700000|  0%| F|  |TS  0|AC  0|TAMS 0x0000000728600000, 0x0000000728600000|
| 119|0x0000000728700000, 0x0000000728700000, 0x0000000728800000|  0%| F|  |TS  0|AC  0|TAMS 0x0000000728700000, 0x0000000728700000|
| 120|0x0000000728800000, 0x0000000728800000, 0x0000000728900000|  0%| F|  |TS  0|AC  0|TAMS 0x0000000728800000, 0x0000000728800000|
| 121|0x0000000728900000, 0x0000000728900000, 0x0000000728a00000|  0%| F|  |TS  0|AC  0|TAMS 0x0000000728900000, 0x0000000728900000|
| 122|0x0000000728a00000, 0x0000000728a00000, 0x0000000728b00000|  0%| F|  |TS  0|AC  0|TAMS 0x0000000728a00000, 0x0000000728a00000|
| 123|0x0000000728b00000, 0x0000000728b00000, 0x0000000728c00000|  0%| F|  |TS  0|AC  0|TAMS 0x0000000728b00000, 0x0000000728b00000|
| 124|0x0000000728c00000, 0x0000000728c00000, 0x0000000728d00000|  0%| F|  |TS  0|AC  0|TAMS 0x0000000728c00000, 0x0000000728c00000|
| 125|0x0000000728d00000, 0x0000000728d00000, 0x0000000728e00000|  0%| F|  |TS  0|AC  0|TAMS 0x0000000728d00000, 0x0000000728d00000|
| 126|0x0000000728e00000, 0x0000000728e00000, 0x0000000728f00000|  0%| F|  |TS  0|AC  0|TAMS 0x0000000728e00000, 0x0000000728e00000|
| 127|0x0000000728f00000, 0x0000000728f00000, 0x0000000729000000|  0%| F|  |TS  0|AC  0|TAMS 0x0000000728f00000, 0x0000000728f00000|
| 128|0x0000000729000000, 0x0000000729000000, 0x0000000729100000|  0%| F|  |TS  0|AC  0|TAMS 0x0000000729000000, 0x0000000729000000|
| 129|0x0000000729100000, 0x0000000729100000, 0x0000000729200000|  0%| F|  |TS  0|AC  0|TAMS 0x0000000729100000, 0x0000000729100000|
| 130|0x0000000729200000, 0x0000000729200000, 0x0000000729300000|  0%| F|  |TS  0|AC  0|TAMS 0x0000000729200000, 0x0000000729200000|
| 131|0x0000000729300000, 0x0000000729300000, 0x0000000729400000|  0%| F|  |TS  0|AC  0|TAMS 0x0000000729300000, 0x0000000729300000|
| 132|0x0000000729400000, 0x0000000729400000, 0x0000000729500000|  0%| F|  |TS  0|AC  0|TAMS 0x0000000729400000, 0x0000000729400000|
| 133|0x0000000729500000, 0x0000000729500000, 0x0000000729600000|  0%| F|  |TS  0|AC  0|TAMS 0x0000000729500000, 0x0000000729500000|
| 134|0x0000000729600000, 0x0000000729600000, 0x0000000729700000|  0%| F|  |TS  0|AC  0|TAMS 0x0000000729600000, 0x0000000729600000|
| 135|0x0000000729700000, 0x0000000729700000, 0x0000000729800000|  0%| F|  |TS  0|AC  0|TAMS 0x0000000729700000, 0x0000000729700000|
| 136|0x0000000729800000, 0x0000000729800000, 0x0000000729900000|  0%| F|  |TS  0|AC  0|TAMS 0x0000000729800000, 0x0000000729800000|
| 137|0x0000000729900000, 0x0000000729900000, 0x0000000729a00000|  0%| F|  |TS  0|AC  0|TAMS 0x0000000729900000, 0x0000000729900000|
| 138|0x0000000729a00000, 0x0000000729a00000, 0x0000000729b00000|  0%| F|  |TS  0|AC  0|TAMS 0x0000000729a00000, 0x0000000729a00000|
| 139|0x0000000729b00000, 0x0000000729b00000, 0x0000000729c00000|  0%| F|  |TS  0|AC  0|TAMS 0x0000000729b00000, 0x0000000729b00000|
| 140|0x0000000729c00000, 0x0000000729c00000, 0x0000000729d00000|  0%| F|  |TS  0|AC  0|TAMS 0x0000000729c00000, 0x0000000729c00000|
| 141|0x0000000729d00000, 0x0000000729d00000, 0x0000000729e00000|  0%| F|  |TS  0|AC  0|TAMS 0x0000000729d00000, 0x0000000729d00000|
| 142|0x0000000729e00000, 0x0000000729e00000, 0x0000000729f00000|  0%| F|  |TS  0|AC  0|TAMS 0x0000000729e00000, 0x0000000729e00000|
| 143|0x0000000729f00000, 0x0000000729f00000, 0x000000072a000000|  0%| F|  |TS  0|AC  0|TAMS 0x0000000729f00000, 0x0000000729f00000|
| 144|0x000000072a000000, 0x000000072a000000, 0x000000072a100000|  0%| F|  |TS  0|AC  0|TAMS 0x000000072a000000, 0x000000072a000000|
| 145|0x000000072a100000, 0x000000072a100000, 0x000000072a200000|  0%| F|  |TS  0|AC  0|TAMS 0x000000072a100000, 0x000000072a100000|
| 146|0x000000072a200000, 0x000000072a200000, 0x000000072a300000|  0%| F|  |TS  0|AC  0|TAMS 0x000000072a200000, 0x000000072a200000|
| 147|0x000000072a300000, 0x000000072a300000, 0x000000072a400000|  0%| F|  |TS  0|AC  0|TAMS 0x000000072a300000, 0x000000072a300000|
| 148|0x000000072a400000, 0x000000072a400000, 0x000000072a500000|  0%| F|  |TS  0|AC  0|TAMS 0x000000072a400000, 0x000000072a400000|
| 149|0x000000072a500000, 0x000000072a500000, 0x000000072a600000|  0%| F|  |TS  0|AC  0|TAMS 0x000000072a500000, 0x000000072a500000|
| 150|0x000000072a600000, 0x000000072a600000, 0x000000072a700000|  0%| F|  |TS  0|AC  0|TAMS 0x000000072a600000, 0x000000072a600000|
| 151|0x000000072a700000, 0x000000072a700000, 0x000000072a800000|  0%| F|  |TS  0|AC  0|TAMS 0x000000072a700000, 0x000000072a700000|
| 152|0x000000072a800000, 0x000000072a800000, 0x000000072a900000|  0%| F|  |TS  0|AC  0|TAMS 0x000000072a800000, 0x000000072a800000|
| 153|0x000000072a900000, 0x000000072a9ffd10, 0x000000072aa00000| 99%| E|  |TS  0|AC  0|TAMS 0x000000072a900000, 0x000000072a900000|
| 154|0x000000072aa00000, 0x000000072ab00000, 0x000000072ab00000|100%| E|CS|TS  0|AC  0|TAMS 0x000000072aa00000, 0x000000072aa00000|
| 155|0x000000072ab00000, 0x000000072ac00000, 0x000000072ac00000|100%| E|CS|TS  0|AC  0|TAMS 0x000000072ab00000, 0x000000072ab00000|
| 156|0x000000072ac00000, 0x000000072ad00000, 0x000000072ad00000|100%| E|CS|TS  0|AC  0|TAMS 0x000000072ac00000, 0x000000072ac00000|
| 157|0x000000072ad00000, 0x000000072ae00000, 0x000000072ae00000|100%| E|CS|TS  0|AC  0|TAMS 0x000000072ad00000, 0x000000072ad00000|
| 158|0x000000072ae00000, 0x000000072af00000, 0x000000072af00000|100%| E|CS|TS  0|AC  0|TAMS 0x000000072ae00000, 0x000000072ae00000|
| 159|0x000000072af00000, 0x000000072b000000, 0x000000072b000000|100%| E|CS|TS  0|AC  0|TAMS 0x000000072af00000, 0x000000072af00000|

Card table byte_map: [0x0000021c52be0000,0x0000021c530e0000] byte_map_base: 0x0000021c4f2d8000

Marking Bits (Prev, Next): (CMBitMap*) 0x0000021c36522380, (CMBitMap*) 0x0000021c365223b8
 Prev Bits: [0x0000021c535e0000, 0x0000021c55da0000)
 Next Bits: [0x0000021c55da0000, 0x0000021c58560000)

Polling page: 0x0000021c36410000

CodeHeap 'non-profiled nmethods': size=120000Kb used=97Kb max_used=97Kb free=119902Kb
 bounds [0x0000021c4a330000, 0x0000021c4a5a0000, 0x0000021c51860000]
CodeHeap 'profiled nmethods': size=120000Kb used=503Kb max_used=503Kb free=119496Kb
 bounds [0x0000021c42e00000, 0x0000021c43070000, 0x0000021c4a330000]
CodeHeap 'non-nmethods': size=5760Kb used=1207Kb max_used=1220Kb free=4552Kb
 bounds [0x0000021c42860000, 0x0000021c42ad0000, 0x0000021c42e00000]
 total_blobs=797 nmethods=357 adapters=267
 compilation: enabled

Compilation events (10 events):
Event: 1.021 Thread 0x0000021c5b95a000  352       3       java.util.LinkedHashMap::afterNodeInsertion (40 bytes)
Event: 1.022 Thread 0x0000021c5b95a000 nmethod 352 0x0000021c42e79510 code [0x0000021c42e79700, 0x0000021c42e79c50]
Event: 1.024 Thread 0x0000021c5b953800  354       4       java.lang.AbstractStringBuilder::ensureCapacityInternal (39 bytes)
Event: 1.024 Thread 0x0000021c5b95a000  355       1       java.util.concurrent.ConcurrentHashMap$MapEntry::getKey (5 bytes)
Event: 1.024 Thread 0x0000021c5b95a000 nmethod 355 0x0000021c4a346a10 code [0x0000021c4a346bc0, 0x0000021c4a346cd8]
Event: 1.024 Thread 0x0000021c5b95a000  356       1       java.util.concurrent.ConcurrentHashMap$MapEntry::getValue (5 bytes)
Event: 1.024 Thread 0x0000021c5b95a000 nmethod 356 0x0000021c4a346d90 code [0x0000021c4a346f40, 0x0000021c4a347058]
Event: 1.025 Thread 0x0000021c5b937000 nmethod 353 0x0000021c4a347110 code [0x0000021c4a3472a0, 0x0000021c4a3475d8]
Event: 1.025 Thread 0x0000021c5b937000  357       4       java.lang.AbstractStringBuilder::append (77 bytes)
Event: 1.025 Thread 0x0000021c5b95a000  358       3       java.util.Properties::saveConvert (434 bytes)

GC Heap History (0 events):
No events

Deoptimization events (2 events):
Event: 0.312 Thread 0x0000021c5bbec000 Uncommon trap: reason=unstable_if action=reinterpret pc=0x0000021c4a33c89c method=java.lang.String.charAt(I)C @ 4 c2
Event: 1.020 Thread 0x0000021c5b936000 Uncommon trap: reason=unstable_if action=reinterpret pc=0x0000021c4a345028 method=java.lang.String.equals(Ljava/lang/Object;)Z @ 27 c2

Classes redefined (0 events):
No events

Internal exceptions (2 events):
Event: 0.349 Thread 0x0000021c36495000 Exception <a 'java/lang/NoSuchMethodError'{0x000000072abc7e38}: java.lang.Object.lambda$negate$3(I)Z> (0x000000072abc7e38) thrown at [t:/workspace/hotspot/src/share/vm/interpreter/linkResolver.cpp, line 731]
Event: 0.350 Thread 0x0000021c36495000 Exception <a 'java/lang/NoSuchMethodError'{0x000000072abcb290}: java.lang.Object.lambda$and$0(Ljava/util/regex/Pattern$CharPredicate;I)Z> (0x000000072abcb290) thrown at [t:/workspace/hotspot/src/share/vm/interpreter/linkResolver.cpp, line 731]

Events (10 events):
Event: 1.015 loading class sun/util/resources/cldr/TimeZoneNames done
Event: 1.015 loading class sun/util/resources/cldr/TimeZoneNames_en
Event: 1.017 loading class sun/util/resources/cldr/TimeZoneNames_en done
Event: 1.017 loading class sun/util/resources/cldr/TimeZoneNames_en_US
Event: 1.017 loading class sun/util/resources/cldr/TimeZoneNames_en_US done
Event: 1.019 loading class java/util/LinkedHashMap$LinkedKeySet
Event: 1.020 loading class java/util/LinkedHashMap$LinkedKeySet done
Event: 1.020 Thread 0x0000021c5b936000 Uncommon trap: trap_request=0xffffff5d fr.pc=0x0000021c4a345028 relative=0x0000000000000188
Event: 1.020 Thread 0x0000021c5b936000 DEOPT PACKING pc=0x0000021c4a345028 sp=0x00000096720fec10
Event: 1.020 Thread 0x0000021c5b936000 DEOPT UNPACKING pc=0x0000021c428ada29 sp=0x00000096720febb0 mode 2


Dynamic libraries:
0x00007ff70def0000 - 0x00007ff70df2e000 	D:\Program Files\Java\jdk-9.0.1\bin\java.exe
0x00007ff929ea0000 - 0x00007ff92a090000 	C:\WINDOWS\SYSTEM32\ntdll.dll
0x00007ff929b40000 - 0x00007ff929bf2000 	C:\WINDOWS\System32\KERNEL32.DLL
0x00007ff9272d0000 - 0x00007ff927573000 	C:\WINDOWS\System32\KERNELBASE.dll
0x00007ff929c00000 - 0x00007ff929ca3000 	C:\WINDOWS\System32\ADVAPI32.dll
0x00007ff929440000 - 0x00007ff9294de000 	C:\WINDOWS\System32\msvcrt.dll
0x00007ff927f50000 - 0x00007ff927fe7000 	C:\WINDOWS\System32\sechost.dll
0x00007ff9294f0000 - 0x00007ff929610000 	C:\WINDOWS\System32\RPCRT4.dll
0x00007ff929220000 - 0x00007ff9293b3000 	C:\WINDOWS\System32\USER32.dll
0x00007ff926f00000 - 0x00007ff926f21000 	C:\WINDOWS\System32\win32u.dll
0x00007ff9291f0000 - 0x00007ff929216000 	C:\WINDOWS\System32\GDI32.dll
0x00007ff927130000 - 0x00007ff9272c4000 	C:\WINDOWS\System32\gdi32full.dll
0x00007ff926e60000 - 0x00007ff926efe000 	C:\WINDOWS\System32\msvcp_win.dll
0x00007ff927630000 - 0x00007ff92772a000 	C:\WINDOWS\System32\ucrtbase.dll
0x00007ff9115c0000 - 0x00007ff911845000 	C:\WINDOWS\WinSxS\amd64_microsoft.windows.common-controls_6595b64144ccf1df_6.0.18362.329_none_e6c7b0c7130c72de\COMCTL32.dll
0x00007ff928060000 - 0x00007ff928396000 	C:\WINDOWS\System32\combase.dll
0x00007ff91f790000 - 0x00007ff91f79a000 	C:\WINDOWS\SYSTEM32\VERSION.dll
0x00007ff927ed0000 - 0x00007ff927f50000 	C:\WINDOWS\System32\bcryptPrimitives.dll
0x00007ff9291c0000 - 0x00007ff9291ee000 	C:\WINDOWS\System32\IMM32.DLL
0x00007ff8f3be0000 - 0x00007ff8f3ccf000 	D:\Program Files\Java\jdk-9.0.1\bin\msvcr120.dll
0x00007ff8f6910000 - 0x00007ff8f69b6000 	D:\Program Files\Java\jdk-9.0.1\bin\msvcp120.dll
0x0000000052380000 - 0x0000000052da4000 	D:\Program Files\Java\jdk-9.0.1\bin\server\jvm.dll
0x00007ff9294e0000 - 0x00007ff9294e8000 	C:\WINDOWS\System32\PSAPI.DLL
0x00007ff9233e0000 - 0x00007ff9233e9000 	C:\WINDOWS\SYSTEM32\WSOCK32.dll
0x00007ff9236f0000 - 0x00007ff923714000 	C:\WINDOWS\SYSTEM32\WINMM.dll
0x00007ff927ff0000 - 0x00007ff92805f000 	C:\WINDOWS\System32\WS2_32.dll
0x00007ff9236c0000 - 0x00007ff9236ed000 	C:\WINDOWS\SYSTEM32\WINMMBASE.dll
0x00007ff9275e0000 - 0x00007ff92762a000 	C:\WINDOWS\System32\cfgmgr32.dll
0x00007ff923550000 - 0x00007ff92355f000 	D:\Program Files\Java\jdk-9.0.1\bin\verify.dll
0x00007ff920590000 - 0x00007ff9205b7000 	D:\Program Files\Java\jdk-9.0.1\bin\java.dll
0x00007ff90f8f0000 - 0x00007ff90f91a000 	D:\Program Files\Java\jdk-9.0.1\bin\instrument.dll
0x00007ff9234b0000 - 0x00007ff9234c6000 	D:\Program Files\Java\jdk-9.0.1\bin\zip.dll
0x00007ff9234f0000 - 0x00007ff9234fa000 	D:\Program Files\Java\jdk-9.0.1\bin\jimage.dll
0x00007ff928860000 - 0x00007ff928f45000 	C:\WINDOWS\System32\SHELL32.dll
0x00007ff929610000 - 0x00007ff9296b9000 	C:\WINDOWS\System32\shcore.dll
0x00007ff927730000 - 0x00007ff927eae000 	C:\WINDOWS\System32\windows.storage.dll
0x00007ff926dd0000 - 0x00007ff926def000 	C:\WINDOWS\System32\profapi.dll
0x00007ff926d80000 - 0x00007ff926dca000 	C:\WINDOWS\System32\powrprof.dll
0x00007ff926d70000 - 0x00007ff926d80000 	C:\WINDOWS\System32\UMPDC.dll
0x00007ff9284d0000 - 0x00007ff928522000 	C:\WINDOWS\System32\shlwapi.dll
0x00007ff926df0000 - 0x00007ff926e01000 	C:\WINDOWS\System32\kernel.appcore.dll
0x00007ff927eb0000 - 0x00007ff927ec7000 	C:\WINDOWS\System32\cryptsp.dll
0x00007ff90f560000 - 0x00007ff90f57a000 	D:\Program Files\Java\jdk-9.0.1\bin\net.dll
0x00007ff913980000 - 0x00007ff913a70000 	C:\WINDOWS\SYSTEM32\WINHTTP.dll
0x00007ff9265e0000 - 0x00007ff926647000 	C:\WINDOWS\system32\mswsock.dll
0x00007ff90f520000 - 0x00007ff90f531000 	D:\Program Files\Java\jdk-9.0.1\bin\nio.dll
0x00007ff910990000 - 0x00007ff9109aa000 	D:\Program Files\JetBrains\IntelliJ IDEA 2019.2\bin\breakgen64.dll

VM Arguments:
jvm_args: -javaagent:D:\Program Files\JetBrains\IntelliJ IDEA 2019.2\lib\idea_rt.jar=45556:D:\Program Files\JetBrains\IntelliJ IDEA 2019.2\bin -Dfile.encoding=UTF-8 
java_command: Threader.ReviewEncourage
java_class_path (initial): F:\WYC\IdeaProjects\javaStudy\javaS\target\classes;C:\Users\WYC\.m2\repository\org\jsoup\jsoup\1.12.1\jsoup-1.12.1.jar;C:\Users\WYC\.m2\repository\org\apache\httpcomponents\httpclient\4.5.8\httpclient-4.5.8.jar;C:\Users\WYC\.m2\repository\org\apache\httpcomponents\httpcore\4.4.11\httpcore-4.4.11.jar;C:\Users\WYC\.m2\repository\commons-logging\commons-logging\1.2\commons-logging-1.2.jar;C:\Users\WYC\.m2\repository\commons-codec\commons-codec\1.11\commons-codec-1.11.jar;C:\Users\WYC\.m2\repository\junit\junit\4.12\junit-4.12.jar;C:\Users\WYC\.m2\repository\org\hamcrest\hamcrest-core\1.3\hamcrest-core-1.3.jar
Launcher Type: SUN_STANDARD

Logging:
Log output configuration:
#0: stdout all=warning uptime,level,tags
#1: stderr all=off uptime,level,tags

Environment Variables:
JAVA_HOME=D:\Program Files\Java\jdk1.8.0_181
PATH=D:\Program Files\JetBrains\IntelliJ IDEA 2019.2\jbr\\bin;D:\Program Files\JetBrains\IntelliJ IDEA 2019.2\jbr\\bin\server;D:\Program Files\Python36\Scripts\;D:\Program Files\Python36\;C:\ProgramData\Oracle\Java\javapath;C:\WINDOWS\system32;C:\WINDOWS;C:\WINDOWS\System32\Wbem;C:\WINDOWS\System32\WindowsPowerShell\v1.0\;C:\WINDOWS\System32\OpenSSH\;C:\Program Files\MySQL\MySQL Server 8.0\bin;D:\Program Files\Java\jdk1.8.0_181\bin;C:\Program Files\TortoiseSVN\bin;D:\Program Files\nodejs\;D:\Program Files\Git\cmd;C:\Program Files\AMD\AMDuProf\bin;C:\Program Files\MySQL\MySQL Shell 8.0\bin\;C:\Users\WYC\AppData\Local\Microsoft\WindowsApps;C:\Users\WYC\AppData\Roaming\npm;D:\Program Files\JetBrains\IntelliJ IDEA 2019.2\bin;;D:\Program Files\CMake\bin;D:\Program Files (x86)\Nmap
USERNAME=WYC
OS=Windows_NT
PROCESSOR_IDENTIFIER=AMD64 Family 23 Model 24 Stepping 1, AuthenticAMD



---------------  S Y S T E M  ---------------

OS: Windows 10 , 64 bit Build 18362 (10.0.18362.329)

CPU:total 8 (initial active 8) (8 cores per cpu, 1 threads per core) family 23 model 24 stepping 1, cmov, cx8, fxsr, mmx, sse, sse2, sse3, ssse3, sse4.1, sse4.2, popcnt, avx, avx2, aes, clmul, mmxext, 3dnowpref, lzcnt, sse4a, tsc, tscinvbit, tscinv, bmi1

Memory: 4k page, physical 10417484k(2247232k free), swap 14611788k(4264k free)

vm_info: Java HotSpot(TM) 64-Bit Server VM (9.0.1+11) for windows-amd64 JRE (9.0.1+11), built on Sep 28 2017 04:54:03 by "mach5one" with MS VC++ 12.0 (VS2013)

END.
